/home/u0672060/KnowledgeSummary/CKSapplication/python_scripts/mesh_medications_extract.py: line 2: import: command not found
/home/u0672060/KnowledgeSummary/CKSapplication/python_scripts/mesh_medications_extract.py: line 3: import: command not found
/home/u0672060/KnowledgeSummary/CKSapplication/python_scripts/mesh_medications_extract.py: line 4: import: command not found
/home/u0672060/KnowledgeSummary/CKSapplication/python_scripts/mesh_medications_extract.py: line 5: import: command not found
/home/u0672060/KnowledgeSummary/CKSapplication/python_scripts/mesh_medications_extract.py: line 6: import: command not found
/home/u0672060/KnowledgeSummary/CKSapplication/python_scripts/mesh_medications_extract.py: line 9: syntax error near unexpected token `('
/home/u0672060/KnowledgeSummary/CKSapplication/python_scripts/mesh_medications_extract.py: line 9: `now = datetime.datetime.now()'
/home/u0672060/KnowledgeSummary/CKSapplication/python_scripts/mesh_medications_extract.py: line 2: import: command not found
/home/u0672060/KnowledgeSummary/CKSapplication/python_scripts/mesh_medications_extract.py: line 3: import: command not found
/home/u0672060/KnowledgeSummary/CKSapplication/python_scripts/mesh_medications_extract.py: line 4: import: command not found
/home/u0672060/KnowledgeSummary/CKSapplication/python_scripts/mesh_medications_extract.py: line 5: import: command not found
/home/u0672060/KnowledgeSummary/CKSapplication/python_scripts/mesh_medications_extract.py: line 6: import: command not found
/home/u0672060/KnowledgeSummary/CKSapplication/python_scripts/mesh_medications_extract.py: line 9: syntax error near unexpected token `('
/home/u0672060/KnowledgeSummary/CKSapplication/python_scripts/mesh_medications_extract.py: line 9: `now = datetime.datetime.now()'
Abdominal Injuries
Abdominal Neoplasms
Congenital Abnormalities
Abnormalities, Drug-Induced
Abnormalities, Multiple
ABO Blood-Group System
Abortifacient Agents
Abortifacient Agents, Nonsteroidal
Abortifacient Agents, Steroidal
Abortion, Spontaneous
Abortion, Habitual
Abortion, Incomplete
Abortion, Missed
Abortion, Septic
Abruptio Placentae
Abscess
Severe Acute Malnutrition
Shellfish Hypersensitivity
Symptom Flare Up
Dermal Fillers
Glucagon-Like Peptide Receptors
Glucagon-Like Peptide-1 Receptor
Receptor for Advanced Glycation End Products
RNA Recognition Motif Proteins
Whey Proteins
Serine-Arginine Splicing Factors
Aripiprazole
Lubiprostone
Darbepoetin alfa
Bevacizumab
Risedronate Sodium
Fluticasone-Salmeterol Drug Combination
Fluticasone
Salmeterol Xinafoate
Everolimus
Pemetrexed
Brimonidine Tartrate
Dutasteride
Interferon beta-1a
Olmesartan Medoxomil
Interferon beta-1b
Nebivolol
Celecoxib
Varenicline
Tadalafil
Certolizumab Pegol
Mometasone Furoate
Sildenafil Citrate
Emtricitabine
Rilpivirine
Tenofovir
Glatiramer Acetate
Rosuvastatin Calcium
Duloxetine Hydrochloride
Tolterodine Tartrate
Valsartan
Mometasone Furoate, Formoterol Fumarate Drug Combination
Formoterol Fumarate
Orexins
Prasugrel Hydrochloride
Etanercept
Epoetin Alfa
Cetuximab
Rivastigmine
Amlodipine, Valsartan Drug Combination
Human Papillomavirus Recombinant Vaccine Quadrivalent, Types 6, 11, 16, 18
Fingolimod Hydrochloride
Imatinib Mesylate
Trastuzumab
Adalimumab
Paliperidone Palmitate
Canagliflozin
Raltegravir Potassium
Sitagliptin Phosphate
Insulin Glargine
Lurasidone Hydrochloride
Insulin Detemir
Vardenafil Dihydrochloride
Atorvastatin Calcium
Drug Resistant Epilepsy
Rituximab
Infliximab
Bortezomib
Capecitabine
Incisional Hernia
Erlotinib Hydrochloride
Quetiapine Fumarate
Linezolid
Ezetimibe
Dasatinib
Natalizumab
Heptavalent Pneumococcal Conjugate Vaccine
Omalizumab
Atomoxetine Hydrochloride
Atazanavir Sulfate
Tiotropium Bromide
Denosumab
Cinacalcet Hydrochloride
Liraglutide
Long Term Adverse Effects
Darunavir
Palivizumab
Ranolazine
Bendamustine Hydrochloride
Dimethyl Fumarate
Olive Oil
Solifenacin Succinate
Febuxostat
Desvenlafaxine Succinate
Venlafaxine Hydrochloride
Colesevelam Hydrochloride
Sofosbuvir
Linagliptin
Lisdexamfetamine Dimesylate
Buprenorphine, Naloxone Drug Combination
Emtricitabine, Tenofovir Disoproxil Fumarate Drug Combination
Ezetimibe, Simvastatin Drug Combination
Abiraterone Acetate
Budesonide, Formoterol Fumarate Drug Combination
Infectious Encephalitis
Cobicistat
Ustekinumab
Rivaroxaban
Travoprost
Loteprednol Etabonate
Ranibizumab
Bimatoprost
Eszopiclone
Pregabalin
Abatacept
Dabigatran
Simeprevir
Mastic Resin
Acebutolol
Lipid Droplet Associated Proteins
Perilipins
Talipes
NLR Proteins
Parkinson Disease Associated Proteins
Tripartite Motif Proteins
Cadherin Related Proteins
Solute Carrier Proteins
Anterior Cruciate Ligament Injuries
Shoulder Injuries
Tibial Meniscus Injuries
Rotator Cuff Injuries
Elbow Tendinopathy
Brain Injuries, Traumatic
Crystal Arthropathies
Perilipin-1
Giant Cell Tumor of Tendon Sheath
Perilipin-2
Lysine Acetyltransferases
ATP Binding Cassette Transporter, Sub-Family G
ATP Binding Cassette Transporter, Sub-Family G, Member 2
ATP Binding Cassette Transporter, Sub-Family G, Member 8
Hemochromatosis Protein
Tardive Dyskinesia
Endoglin
Lipocalin-2
ADAMTS Proteins
ADAMTS13 Protein
Forkhead Box Protein O1
Trefoil Factors
Trefoil Factor-1
Signaling Lymphocytic Activation Molecule Family
NLR Family, Pyrin Domain-Containing 3 Protein
Enhancer of Zeste Homolog 2 Protein
Peroxisome Proliferator-Activated Receptor Gamma Coactivator 1-alpha
Emergence Delirium
Aldehyde Dehydrogenase, Mitochondrial
Proprotein Convertase 9
AlkB Enzymes
Alpha-Ketoglutarate-Dependent Dioxygenase FTO
Fractures, Avulsion
Zinc Finger Protein GLI1
Tartrate-Resistant Acid Phosphatase
Regulatory Factor X Transcription Factors
Butyrophilins
AC133 Antigen
Breast Carcinoma In Situ
NF-KappaB Inhibitor alpha
Deubiquitinating Enzymes
Apolipoprotein A-V
PAX3 Transcription Factor
Superoxide Dismutase-1
Interleukin-1 Receptor-Like 1 Protein
ADAM17 Protein
ERG1 Potassium Channel
RNA Splicing Factors
Syk Kinase
Cytochrome P450 Family 1
Cytochrome P450 Family 2
Cytochrome P450 Family 3
Heterocyclic Compounds, Fused-Ring
Fused-Ring Compounds
Cytochrome P450 Family 7
Cytochrome P450 Family 11
Cytochrome P450 Family 17
Placenta Growth Factor
Cytochrome P450 Family 24
Cytochrome P450 Family 27
Tumor Necrosis Factor alpha-Induced Protein 3
Breast Cancer Lymphedema
ST Elevation Myocardial Infarction
Non-ST Elevated Myocardial Infarction
Margins of Excision
Cancer Pain
Invasive Fungal Infections
Surgical Wound
Chromothripsis
Epileptic Syndromes
Occupational Stress
Dietary Sugars
Varicella Zoster Virus Infection
P-type ATPases
ATP Binding Cassette Transporter, Sub-Family A
Palm Oil
Sugars
Triose Sugar Alcohols
Acenocoumarol
TRPA1 Cation Channel
Fatty Acid Binding Protein 3
TWEAK Receptor
Short Stature Homeobox Protein
ATPases Associated with Diverse Cellular Activities
Sunflower Oil
Canola Oil
Coconut Oil
High-Temperature Requirement A Serine Peptidase 1
CD52 Antigen
Alemtuzumab
Ipilimumab
Food Ingredients
Solute Carrier Organic Anion Transporter Family Member 1B3
AAA Proteins
NADPH Oxidase 2
Nut and Peanut Hypersensitivity
Organic Cation Transporter 2
RUNX1 Translocation Partner 1 Protein
Essential Hypertension
Poly-ADP-Ribose Binding Proteins
Cardiac Conduction System Disease
Hypoadrenocorticism, Familial
Heavy Metal Poisoning
Angiopoietin-like Proteins
Angiopoietin-like 4 Protein
Travel-Related Illness
Mechanistic Target of Rapamycin Complex 1
Diverticular Diseases
Acetaldehyde
Acetamides
Acetaminophen
Acetanilides
Acetates
Acetazolamide
Acetyl-CoA C-Acyltransferase
Acetylcarnitine
Acetylcholine
Acetylcysteine
Acetylgalactosamine
Acetylglucosamine
Acetylglucosaminidase
Acetylmuramyl-Alanyl-Isoglutamine
Acetyltransferases
Acid Phosphatase
Acid-Base Imbalance
Acidosis
Acidosis, Lactic
Acidosis, Respiratory
Acids
Acids, Acyclic
Acids, Aldehydic
Acids, Carbocyclic
Acids, Heterocyclic
Acids, Noncarboxylic
Acne Vulgaris
Vestibulocochlear Nerve Diseases
Acquired Immunodeficiency Syndrome
Acridines
Acromegaly
Acrylamides
Acrylates
Acrylic Resins
Actinomycetales Infections
Actinomycosis
Actins
Acute Disease
Acute-Phase Proteins
Acute-Phase Reaction
Acyclovir
Acyl Coenzyme A
Acyltransferases
Adamantane
Addison Disease
Adenine
Adenine Nucleotides
Adenocarcinoma
Adenocarcinoma, Papillary
Adenoma
Adenosine
Cyclic AMP
Adenosine Diphosphate
Adenosine Monophosphate
Adenosine Triphosphatases
Calcium-Transporting ATPases
Sodium-Potassium-Exchanging ATPase
Adenosine Triphosphate
Adenoviridae Infections
Adenovirus Infections, Human
Adenylate Kinase
Tissue Adhesions
Adhesives
Adjuvants, Immunologic
Adjuvants, Pharmaceutic
Adnexal Diseases
Pelvic Inflammatory Disease
Adrenal Cortex Diseases
Adrenal Cortex Hormones
Adrenal Cortex Neoplasms
Adrenal Gland Diseases
Adrenocortical Hyperfunction
Adrenal Insufficiency
Adrenal Gland Neoplasms
Adrenal Hyperplasia, Congenital
Adrenergic alpha-Agonists
Adrenergic alpha-Antagonists
Adrenergic beta-Agonists
Adrenergic beta-Antagonists
Adrenergic Agonists
Adrenocorticotropic Hormone
Aerosols
Afibrinogenemia
Aflatoxins
Agar
Agglutinins
Agnosia
Agranulocytosis
Air Pollutants
Airway Obstruction
Alanine
Alanine Transaminase
Albumins
Albuminuria
Albuterol
Alcohol Deterrents
Alcohol Oxidoreductases
Ethanol
Alcoholism
Alcohols
Butanols
Hexanols
Aldehyde Dehydrogenase
Aldehyde Oxidoreductases
Aldehydes
Aldosterone
Mineralocorticoid Receptor Antagonists
Alginates
Alkalies
Alkaline Phosphatase
Alkaloids
Alkalosis
Alkalosis, Respiratory
Alkanes
Alkenes
Alkanesulfonates
Alkylating Agents
Alkylmercury Compounds
Allergens
Allopurinol
Alloys
Allyl Compounds
Allylamine
Alopecia
Alopecia Areata
alpha-Fetoproteins
Alpha-Globulins
alpha 1-Antitrypsin
alpha-Amylases
Eflornithine
alpha-Galactosidase
alpha-Glucosidases
alpha-MSH
Alprazolam
Alprostadil
Altitude Sickness
Alum Compounds
Aluminum
Aluminum Hydroxide
Aluminum Oxide
Aluminum Silicates
Alzheimer Disease
Amantadine
Amblyopia
Amebiasis
Amenorrhea
Amides
Amidines
Amidohydrolases
Amikacin
Amiloride
Oxidoreductases Acting on CH-NH Group Donors
Amines
Amino Acid Metabolism, Inborn Errors
Amino Acid Oxidoreductases
Amino Acids
Amino Acids, Branched-Chain
Amino Acids, Cyclic
Amino Acids, Diamino
Amino Acids, Dicarboxylic
Amino Acids, Essential
Amino Acids, Peptides, and Proteins
Amino Acids, Sulfur
Amino Alcohols
Amino Sugars
Aminoacridines
4-Aminobutyrate Transaminase
Aminobutyrates
Aminocaproates
Aminoglycosides
Aminohydrolases
Aminoimidazole Carboxamide
Aminolevulinic Acid
Aminophenols
Aminophylline
Aminopterin
Aminopyridines
Aminopyrine
Aminoquinolines
Aminosalicylic Acids
Transaminases
Amiodarone
Amitriptyline
Ammonia
Quaternary Ammonium Compounds
Amnesia
Amodiaquine
Amoxicillin
Amphetamine
Amphetamines
Amphotericin B
Ampicillin
Amrinone
Amsacrine
Amylases
Amyloid
Serum Amyloid P-Component
Serum Amyloid A Protein
Amyloidosis
Amylose
Amyotrophic Lateral Sclerosis
Central Nervous System Stimulants
Analgesics
Analgesics, Opioid
Anaphylatoxins
Anaphylaxis
Androgen Antagonists
Androgens
Androstadienes
Androstanes
Androstanols
Androstenedione
Androstenes
Androstenols
Anemia
Anemia, Aplastic
Anemia, Hemolytic
Anemia, Hemolytic, Congenital
Anemia, Hypochromic
Anemia, Macrocytic
Anemia, Neonatal
Anemia, Refractory
Anemia, Refractory, with Excess of Blasts
Anemia, Sickle Cell
Adjuvants, Anesthesia
Anesthetics
Anesthetics, Dissociative
Anesthetics, Local
Aneuploidy
Aneurysm
Aneurysm, Dissecting
Angina Pectoris
Angina, Unstable
Fabry Disease
Angiolymphoid Hyperplasia with Eosinophilia
Angiomatosis
Angioedema
Angiotensin II
Angiotensin-Converting Enzyme Inhibitors
Angiotensins
Anilides
Aniline Compounds
Animal Diseases
Anion Exchange Resins
Anions
Anisoles
Ankylosis
Anorexia
Olfaction Disorders
Anovulation
Hypoxia
Antacids
Anthelmintics
Anthocyanins
Anthracenes
Anthraquinones
Antibodies, Anti-Idiotypic
Anti-Arrhythmia Agents
Anti-Infective Agents
Anti-Infective Agents, Local
Anti-Infective Agents, Urinary
Anti-Inflammatory Agents
Anti-Inflammatory Agents, Non-Steroidal
Anti-Ulcer Agents
Anti-Bacterial Agents
Antibiotics, Antineoplastic
Antibiotics, Antitubercular
Antibodies
Antibodies, Bacterial
Antibodies, Monoclonal
Antibodies, Neoplasm
Antibodies, Protozoan
Antibodies, Viral
Immunotoxins
Anticholesteremic Agents
Anticoagulants
Anticonvulsants
Antidepressive Agents
Antidepressive Agents, Tricyclic
Antidiarrheals
Antidotes
Antiemetics
Antifibrinolytic Agents
Antifungal Agents
Antigen-Antibody Complex
Epitopes
Antigens
Antigens, Bacterial
Antigens, Differentiation
Antigens, Differentiation, B-Lymphocyte
Antigens, Differentiation, T-Lymphocyte
Antigens, Fungal
Histocompatibility Antigens Class II
Antigens, Neoplasm
Antigens, Protozoan
Antigens, Surface
Antigens, Viral
Antihypertensive Agents
Hypolipidemic Agents
Antilymphocyte Serum
Antimalarials
Antimetabolites
Antimetabolites, Antineoplastic
Antimony
Antinematodal Agents
Antineoplastic Agents
Antineoplastic Agents, Phytogenic
Antibodies, Antinuclear
Antioxidants
Antiparasitic Agents
Antiparkinson Agents
alpha-2-Antiplasmin
Antiprotozoal Agents
Antipruritics
Antisickling Agents
Antispermatogenic Agents
Antithrombin III
Antithrombins
Antitoxins
Antitrichomonal Agents
Antitubercular Agents
Antitussive Agents
Antivenins
Antiviral Agents
Anus Diseases
Anus Neoplasms
Aortic Aneurysm
Aortic Arch Syndromes
Aortic Coarctation
Aortic Diseases
Aortic Rupture
Aortic Stenosis, Subvalvular
Aortic Valve Insufficiency
Aortic Valve Stenosis
Apatites
Aphakia
Aphakia, Postcataract
Aphasia
Apnea
Apolipoproteins
Apolipoproteins A
Apolipoproteins B
Apolipoproteins C
Apolipoproteins E
Apomorphine
Apoproteins
Aporphines
Appendicitis
Appetite Depressants
Arabinonucleosides
Arabinose
Arachidonic Acids
Arbovirus Infections
Arginase
Arginine
Arginine Vasopressin
Arm Injuries
Arnold-Chiari Malformation
Arrhythmias, Cardiac
Arrhythmia, Sinus
Arsenic
Arsenicals
Arterial Occlusive Diseases
Arteriosclerosis
Arteriovenous Malformations
Arteritis
Arthritis
Arthritis, Infectious
Arthritis, Juvenile
Arthritis, Rheumatoid
Arthropod Venoms
Aryl Hydrocarbon Hydroxylases
Arylsulfonates
Ascariasis
Ascites
Ascorbic Acid
Ascorbic Acid Deficiency
Asparaginase
Asparagine
Aspartate Aminotransferases
Aspartic Acid
Aspergillosis
Asphyxia Neonatorum
Aspirin
Asthenia
Asthma
Asthma, Exercise-Induced
Astigmatism
Astringents
Astrocytoma
Ataxia
Pulmonary Atelectasis
Atenolol
Athletic Injuries
Atracurium
Atrial Fibrillation
Atrial Flutter
Atrophy
Atropine
Atropine Derivatives
Auditory Diseases, Central
Auditory Perceptual Disorders
Autoantibodies
Autoantigens
Autoimmune Diseases
Vehicle Emissions
Autonomic Agents
Autonomic Nervous System Diseases
Avitaminosis
Aza Compounds
Azacitidine
Azasteroids
Azathioprine
Azepines
Azetidinecarboxylic Acid
Azetidines
Azetines
Azirines
Azocines
Azoles
Aztreonam
Bacitracin
Back Pain
Baclofen
Bacterial Infections and Mycoses
Bacterial Infections
Bacterial Outer Membrane Proteins
Bacterial Proteins
Bacterial Toxins
Bacterial Vaccines
Bacteriuria
Barbiturates
Barium Sulfate
Barotrauma
Barrett Esophagus
Basal Cell Nevus Syndrome
Basal Ganglia Diseases
BCG Vaccine
Beclomethasone
Bee Venoms
Behcet Syndrome
Belladonna Alkaloids
Bendroflumethiazide
Bentonite
Benzaldehydes
Benzalkonium Compounds
Benzamides
Benzamidines
Benzazepines
Benzene Derivatives
Benzenesulfonates
Benzhydryl Compounds
Benzilates
Benzimidazoles
Benzoates
Benzocycloheptenes
Benzodiazepines
Benzodiazepinones
Benzofurans
Benzomorphans
Benzophenones
Benzopyrans
Benzothiadiazines
Benzoxazoles
Benzydamine
Benzyl Alcohols
Benzyl Compounds
Benzylamines
Benzylidene Compounds
Berberine
Berberine Alkaloids
Beta-Globulins
beta-Galactosidase
beta-Lactamases
beta-N-Acetylhexosaminidases
Betahistine
Betaine
Betamethasone
Bezafibrate
Bicarbonates
Biguanides
Bile Acids and Salts
Bile Duct Diseases
Bile Duct Neoplasms
Bile Pigments
Biliary Atresia
Biliary Dyskinesia
Biliary Fistula
Biliary Tract Diseases
Biliary Tract Neoplasms
Bilirubin
Biocompatible Materials
Biogenic Amines
Biological Factors
Biological Products
Biomedical and Dental Materials
Biopolymers
Biopterin
Biotin
Biphenyl Compounds
Birth Injuries
Birth Weight
Bisacodyl
Bismuth
Bites and Stings
Urinary Bladder Diseases
Urinary Bladder Neck Obstruction
Urinary Bladder Neoplasms
Urinary Bladder, Neurogenic
Blast Crisis
Bleomycin
Blepharospasm
Blindness
Blister
Blood Coagulation Disorders
Blood Coagulation Factors
Blood Glucose
Blood Group Antigens
Blood Platelet Disorders
Blood Protein Disorders
Blood Proteins
Blood Substitutes
Body Temperature Changes
Body Weight
Body Weight Changes
Bone Cements
Bone Cysts
Bone Diseases
Bone Diseases, Developmental
Bone Diseases, Endocrine
Bone Diseases, Infectious
Bone Diseases, Metabolic
Bone Marrow Diseases
Bone Neoplasms
Bone Resorption
Bordetella Infections
Boron Compounds
Boronic Acids
Borrelia Infections
Botulinum Toxins
Bradycardia
Bradykinin
Brain Concussion
Brain Damage, Chronic
Brain Death
Brain Diseases
Brain Diseases, Metabolic
Brain Edema
Brain Injuries
Brain Neoplasms
Breast Diseases
Breast Neoplasms
Breech Presentation
Bridged-Ring Compounds
Bromelains
Bromocriptine
Bronchial Diseases
Bronchial Neoplasms
Bronchial Spasm
Bronchiectasis
Bronchiolitis
Bronchiolitis Obliterans
Bronchiolitis, Viral
Bronchitis
Bronchodilator Agents
Bronchopulmonary Dysplasia
Brucellosis
Bruxism
Buffers
Bulimia
Bundle-Branch Block
Bupivacaine
Buprenorphine
Burkitt Lymphoma
Burnout, Professional
Burns
Burns, Chemical
Bursitis
Buserelin
Buspirone
Busulfan
Butylene Glycols
Butorphanol
Butter
Butylscopolammonium Bromide
Butyrates
Butyrophenones
Butyrylcholinesterase
C-Peptide
C-Reactive Protein
Cachexia
Cacodylic Acid
Cadaver
Caffeic Acids
Caffeine
Calcifediol
Calcinosis
Calcitonin
Calcitriol
Calcium
Calcium Carbonate
Calcium Channel Agonists
Calcium Channel Blockers
Calcium Dobesilate
Calcium Isotopes
Calcium Metabolism Disorders
Calcium Oxalate
Calcium Phosphates
Calcium Radioisotopes
Calcium Sulfate
Calcium-Binding Proteins
Calcium, Dietary
Calculi
Calmodulin-Binding Proteins
Camptothecin
Candidiasis
Candidiasis, Oral
Candidiasis, Vulvovaginal
Cannabidiol
Cannabinoids
Marijuana Abuse
Canrenoic Acid
Caproates
Caprylates
Capsaicin
Capsules
Captopril
Carbamates
Carbamazepine
Carbazoles
Carbidopa
Carbocysteine
Carbohydrate Metabolism, Inborn Errors
Carbohydrates
Carbolines
Carbon
Carbon Dioxide
Carbon Isotopes
Carbon Monoxide
Carbon Monoxide Poisoning
Carbon Radioisotopes
Carbonates
Carbonic Acid
Carbonic Anhydrase Inhibitors
Carboxy-Lyases
Carboxyhemoglobin
Carboxylic Acids
Carboxylic Ester Hydrolases
Carboxymethylcellulose Sodium
Carboxypeptidases
Carcinoembryonic Antigen
Carcinogens
Carcinoid Tumor
Carcinoma
Carcinoma in Situ
Carcinoma, Basal Cell
Carcinoma, Bronchogenic
Carcinoma, Intraductal, Noninfiltrating
Adenocarcinoma, Mucinous
Carcinoma, Non-Small-Cell Lung
Carcinoma, Papillary
Carcinoma, Renal Cell
Carcinoma, Squamous Cell
Carcinoma, Transitional Cell
Cardanolides
Cardenolides
Cardiac Glycosides
Cardiac Output, Low
Cardiac Tamponade
Cardiolipins
Cardiomyopathy, Dilated
Cardiomyopathy, Hypertrophic
Cardioplegic Solutions
Cardiotonic Agents
Cardiovascular Agents
Cardiovascular Diseases
Cariostatic Agents
Carmustine
Carnitine
Carnitine Acyltransferases
Carnitine O-Palmitoyltransferase
Carnosine
Carotenoids
Carotid Artery Diseases
Carpal Tunnel Syndrome
Carrageenan
Carrier Proteins
Carteolol
Carticaine
Cartilage Diseases
Caseins
Castor Oil
Cataplexy
Cataract
Catechin
Catechol O-Methyltransferase
Catecholamines
Catechols
Cathartics
Cathepsin D
Cathepsins
Cations
Cations, Monovalent
Caustics
Cecal Diseases
Cefazolin
Cefotaxime
Cefoxitin
Ceftazidime
Ceftriaxone
Cefuroxime
Celiac Disease
Cell Extracts
Cell Transformation, Neoplastic
Cellulitis
Cellulose
Cellulose, Oxidized
Central Nervous System Agents
Central Nervous System Depressants
Central Nervous System Diseases
Central Nervous System Infections
Cephacetrile
Cephalexin
Cephaloridine
Cephalosporins
Cephamycins
Ceramides
Cerebellar Ataxia
Cerebellar Diseases
Intracranial Aneurysm
Hypoxia, Brain
Intracranial Arteriosclerosis
Intracranial Arteriovenous Malformations
Cerebral Arterial Diseases
Intracranial Embolism and Thrombosis
Cerebral Hemorrhage
Cerebral Infarction
Brain Ischemia
Ischemic Attack, Transient
Cerebral Palsy
Cerebrospinal Fluid Otorrhea
Cerebrospinal Fluid Rhinorrhea
Cerebrovascular Disorders
Cerium
Uterine Cervical Diseases
Uterine Cervical Dysplasia
Uterine Cervical Incompetence
Uterine Cervical Neoplasms
Cestode Infections
Chagas Cardiomyopathy
Charcoal
Chelating Agents
Chemotactic Factors
Chenodeoxycholic Acid
Chest Pain
Chewing Gum
Chickenpox
Chitin
Chlamydia Infections
Chlamydiaceae Infections
Chloral Hydrate
Chlorambucil
Chloramphenicol
Chlorhexidine
Chlorides
Chlorobenzenes
Chlorobenzoates
Chlorobutanol
Chlorogenic Acid
Proguanil
Chlorohydrins
Chloroquine
Chlorothiazide
Chlorthalidone
Cholagogues and Choleretics
Cholanes
Cholangitis
Cholecalciferol
Cholecystitis
Cholecystokinin
Cholelithiasis
Cholera
Cholera Toxin
Cholestadienes
Cholestadienols
Cholestanes
Cholestanols
Cholestasis
Cholestasis, Intrahepatic
Cholesteatoma
Cholestenes
Cholestenones
Cholesterol
Sterol O-Acyltransferase
Sterol Esterase
Cholesterol Esters
Cholesterol 7-alpha-Hydroxylase
Cholesterol, Dietary
Cholestyramine Resin
Cholic Acids
Choline
Choline Deficiency
Cholinesterase Inhibitors
Cholinesterase Reactivators
Cholinesterases
Chondroitin
Chondroitin Sulfates
Chordoma
Chorea
Chorioamnionitis
Chorioretinitis
Choroiditis
Hemophilia B
Chromans
Chromatin
Chromium
Chromium Alloys
Chromones
Chromosomal Proteins, Non-Histone
Chromosome Aberrations
Chromosome Deletion
Chronic Disease
Chylomicrons
Cicatrix
Cimetidine
Cinchona Alkaloids
Cinnamates
Cinnarizine
Ciprofloxacin
Cisplatin
Citrates
Leucovorin
Citrulline
Clavulanic Acids
Cleft Lip
Cleft Palate
Clemastine
Clindamycin
Clobetasol
Clofazimine
Clofibric Acid
Clomiphene
Clomipramine
Clonazepam
Clonidine
Cloprostenol
Microbial Collagenase
Clostridium Infections
Clozapine
Clubfoot
Cluster Headache
Coagulants
Cobalt
Cocaine
Coccidiosis
Cod Liver Oil
Codeine
Codon
Coenzyme A
Coenzymes
Coffee
Coformycin
Solitary Pulmonary Nodule
Colchicine
Colic
Colistin
Colitis
Colitis, Ulcerative
Collagen
Collagen Diseases
Colloids
Colonic Diseases
Colonic Diseases, Functional
Colonic Neoplasms
Colonic Polyps
Colonic Pseudo-Obstruction
Colony-Stimulating Factors
Colorectal Neoplasms, Hereditary Nonpolyposis
Coma
Common Bile Duct Diseases
Common Bile Duct Neoplasms
Common Cold
Communicable Diseases
Communication Disorders
Compartment Syndromes
Complement System Proteins
Complement Inactivator Proteins
Complement C1 Inactivator Proteins
Complement C2
Complement C3
Complement C3b Inactivator Proteins
Complement C4
Complement C5
Composite Resins
Condylomata Acuminata
Confusion
Conjunctival Diseases
Conjunctivitis
Conjunctivitis, Allergic
Conjunctivitis, Bacterial
Conjunctivitis, Viral
Connective Tissue Diseases
Consciousness Disorders
Constipation
Constriction, Pathologic
Contraceptive Agents
Contraceptive Agents, Female
Contraceptive Agents, Male
Contraceptives, Oral
Contraceptives, Oral, Combined
Contraceptives, Oral, Hormonal
Contraceptives, Oral, Synthetic
Contractile Proteins
Contracture
Contrast Media
Contusions
Convalescence
Seizures, Febrile
Copper
Corn Oil
Corneal Diseases
Corneal Dystrophies, Hereditary
Corneal Ulcer
Coronary Aneurysm
Coronary Artery Disease
Coronary Disease
Coronary Thrombosis
Coronary Vasospasm
Coronary Vessel Anomalies
Coronaviridae Infections
Corpus Luteum Hormones
Corticotropin-Releasing Hormone
Cortisone
Corynebacterium Infections
Cosmetics
Cosyntropin
Cotinine
Cough
Coumarins
Coxsackievirus Infections
Cranial Nerve Diseases
Cranial Nerve Neoplasms
Craniopharyngioma
Craniosynostoses
Creatine
Creatine Kinase
Creatinine
Cresols
Congenital Hypothyroidism
Crohn Disease
Cross Infection
Cross-Linking Reagents
Crotalid Venoms
Crotonates
Croup
Cryoglobulinemia
Cryptococcosis
Cryptorchidism
Culture Media
Neuromuscular Nondepolarizing Agents
Curcumin
Cushing Syndrome
Cyanides
Cyanoacrylates
Cyanosis
Cyclic N-Oxides
Cyclobutanes
Cyclodextrins
Cyclohexanecarboxylic Acids
Cyclohexanes
Cyclohexanols
Cycloleucine
Cycloparaffins
Cyclopentanes
Cyclopentolate
Cyclophosphamide
Cyclopropanes
Cycloserine
Cyclosporins
Cyproheptadine
Cyproterone
Cystadenocarcinoma
Cystadenoma
Cysteamine
Cysteine
Cysteine Endopeptidases
Cystic Fibrosis
Cysticercosis
Cystine
Cystitis
Cysts
Cytarabine
Cytidine
Cytidine Diphosphate
Cytidine Diphosphate Choline
Cytochrome b Group
Electron Transport Complex IV
Cytochrome P-450 Enzyme System
Cytochromes
Cytomegalovirus Infections
Cytosine
Cytosine Nucleotides
Cytoskeletal Proteins
D-Amino-Acid Oxidase
Dacarbazine
Dactinomycin
Dapsone
Daunorubicin
Deafness
Hearing Loss, Sudden
Death
Death, Sudden
Decompression Sickness
Pressure Ulcer
Deferoxamine
Deficiency Diseases
Deglutition Disorders
Dehydration
Dehydroepiandrosterone
Delayed-Action Preparations
Delirium
Hepatitis D
Dementia
Demyelinating Diseases
Dengue
Dental Alloys
Dental Amalgam
Dental Caries
Dental Cements
Dental Deposits
Dental Materials
Dental Plaque
Dentifrices
Deoxy Sugars
Deoxyadenosines
Deoxycholic Acid
Deoxycytidine
Deoxycytosine Nucleotides
Deoxyglucose
Deoxyguanosine
Deoxyribonucleases
Deoxyribonucleosides
Deoxyribonucleotides
Dermatitis
Drug Eruptions
Dermatitis, Atopic
Dermatitis, Contact
Dermatologic Agents
Dermatomycoses
Dermatomyositis
Desipramine
Deamino Arginine Vasopressin
Desmosine
Detergents
Deuterium
Dexamethasone
Dextrans
Dextrins
Dextroamphetamine
Dextromethorphan
Diabetes Mellitus
Diabetes Mellitus, Type 1
Diabetes Mellitus, Type 2
Diabetic Angiopathies
Diabetic Nephropathies
Diabetic Neuropathies
Diabetic Retinopathy
Heroin
Diamines
Diarrhea
Diarrhea, Infantile
Diatrizoate
Diatrizoate Meglumine
Diazepam
Diazoxide
Dibenzazepines
Dibenzocycloheptenes
Dibenzothiazepines
Dicarboxylic Acids
Dichloroacetic Acid
Clodronic Acid
Dichlorphenamide
Diclofenac
Dicyclomine
Dietary Carbohydrates
Dietary Fats
Dietary Fats, Unsaturated
Dietary Fiber
Dietary Proteins
Diethylcarbamazine
Diflunisal
Digestive System Abnormalities
Digestive System Diseases
Digestive System Neoplasms
Digitalis Glycosides
Diglycerides
Digoxin
Cholestanol
Dihydroergotamine
Hydromorphone
Dihydropyridines
Dihydroxycholecalciferols
Diiodothyronines
Dilatation, Pathologic
Diltiazem
Dimenhydrinate
Succimer
Dimethyl Sulfoxide
Dimethylamines
Dimethylpolysiloxanes
Dioctyl Sulfosuccinic Acid
Dioxanes
Dioxoles
Dipeptides
Dipeptidyl-Peptidases and Tripeptidyl-Peptidases
Diphenhydramine
Diphenylacetic Acids
Diphosphonates
Diphtheria
Diphtheria Toxin
Diphtheria Toxoid
Diplopia
Dipyridamole
Dipyrone
Disaccharidases
Disaccharides
Disease
Disease Susceptibility
Disinfectants
Joint Dislocations
Cromolyn Sodium
Disseminated Intravascular Coagulation
Disulfides
Diterpenes
Diuretics
Diuretics, Osmotic
Diverticulitis
Diverticulitis, Colonic
Diverticulum
Diverticulum, Colon
Dizziness
DNA
DNA Nucleotidyltransferases
DNA-Directed DNA Polymerase
DNA Helicases
DNA Virus Infections
DNA-Binding Proteins
DNA, Bacterial
DNA, Circular
DNA, Mitochondrial
DNA, Neoplasm
DNA, Single-Stranded
DNA, Viral
Dobutamine
Docosahexaenoic Acids
Domperidone
Dihydroxyphenylalanine
Dopamine
Dosage Forms
Down Syndrome
Doxapram
Doxorubicin
Doxycycline
Doxylamine
Droperidol
Drug Carriers
Drug Combinations
Drug Hypersensitivity
Drug Implants
Pharmaceutical Preparations
Drugs, Chinese Herbal
Nonprescription Drugs
Dry Socket
Pentetic Acid
Ductus Arteriosus, Patent
Duodenal Diseases
Duodenal Neoplasms
Duodenal Ulcer
Dupuytren Contracture
Dust
Dwarfism
Dwarfism, Pituitary
Coloring Agents
Dysautonomia, Familial
Dysgeusia
Dyskinesia, Drug-Induced
Dyslexia
Dysmenorrhea
Dysostoses
Dyspareunia
Dyspepsia
Dyspnea
Dystocia
Dystonia
Ear Diseases
Ear Neoplasms
Ecchymosis
Echinococcosis
Echinococcosis, Hepatic
Echovirus Infections
Eclampsia
Ectoparasitic Infestations
Ectropion
Eczema
Edema
Edema, Cardiac
Edetic Acid
Egg Proteins
Electrolytes
Elements
Elements, Radioactive
Elephantiasis, Filarial
Emaciation
Embolism
Embolism, Air
Embolism, Fat
Emergencies
Emollients
Emphysema
Empyema
Emulsions
Enalapril
Enbucrilate
Encephalitis
Encephalitis, Arbovirus
Encephalitis, Japanese
Myelin Basic Protein
Encephalocele
Encephalomalacia
Encephalomyelitis
Endocarditis
Endocarditis, Bacterial
Endocrine System Diseases
Endocrine Gland Neoplasms
Endometrial Hyperplasia
Endometriosis
Endometritis
Endonucleases
Endoribonucleases
Endorphins
Endotoxins
Enteritis
Enterobacteriaceae Infections
Enterocolitis
Enterocolitis, Pseudomembranous
Glucagon-Like Peptides
Enterotoxins
Enterovirus Infections
Enuresis
Environmental Pollutants
Toxic Actions
Enzyme Inhibitors
Enzyme Precursors
Enzyme Reactivators
Enzymes
Enzymes, Immobilized
Eosinophilia
Ephedrine
Epichlorohydrin
Epidermal Growth Factor
Epidermolysis Bullosa
Epididymitis
Epilepsy
Epilepsies, Partial
Epilepsy, Generalized
Epilepsies, Myoclonic
Epilepsy, Absence
Epilepsy, Temporal Lobe
Epinephrine
Epistaxis
Epoxide Hydrolases
Epoxy Compounds
Equinus Deformity
Ergocalciferols
Ergolines
Ergonovine
Ergot Alkaloids
Ergotamines
Eructation
Erythema
Erythema Multiforme
Erythroblastosis, Fetal
Erythromycin
Erythropoietin
Escherichia coli Infections
Esophageal Achalasia
Esophageal and Gastric Varices
Esophageal Atresia
Esophageal Diseases
Esophageal Fistula
Esophageal Neoplasms
Esophageal Perforation
Esophageal Stenosis
Esophagitis
Esophagitis, Peptic
Esterases
Estradiol
Estramustine
Estranes
Estrenes
Estriol
Estrogen Antagonists
Estrogens
Estrogens, Non-Steroidal
Estrone
Ethambutol
Ethanolamines
Ethers
Ethers, Cyclic
Ethinyl Estradiol
Ethiodized Oil
Amifostine
Ethosuximide
Ethyl Chloride
Ethyl Ethers
Ethylamines
Ethylene Glycols
Ethylenediamines
Ethylmercury Compounds
Etiocholanolone
Etomidate
Etoposide
Eugenol
Eunuchism
Euthyroid Sick Syndromes
Exanthema
Excipients
Exophthalmos
Expectorants
Cardiac Complexes, Premature
Eye Burns
Eye Diseases
Eye Foreign Bodies
Eye Hemorrhage
Eye Injuries
Eye Manifestations
Eye Neoplasms
Eye Proteins
Eyelid Diseases
Facial Asymmetry
Facial Dermatoses
Facial Injuries
Facial Neoplasms
Facial Nerve Diseases
Facial Neuralgia
Facial Pain
Facial Paralysis
Factor IX
Factor V
Factor VII
Factor VIII
Factor X
Factor XI
Factor XIII
Failure to Thrive
Fallopian Tube Diseases
Fasciculation
Fasciitis
Fat Emulsions, Intravenous
Fatigue
Mental Fatigue
Fats
Fats, Unsaturated
Fatty Acids
Fatty Acids, Essential
Fatty Acids, Monounsaturated
Fatty Acids, Nonesterified
Fatty Acids, Unsaturated
Fatty Acids, Volatile
Fatty Alcohols
Fatty Liver
Fecal Incontinence
Fecal Impaction
Female Urogenital Diseases and Pregnancy Complications
Femoral Fractures
Femoral Neck Fractures
Femur Head Necrosis
Fenoterol
Fentanyl
Ferredoxin-NADP Reductase
Ferric Compounds
Ferricyanides
Ferritins
Ferrous Compounds
Fertility Agents
Fertility Agents, Female
Fetal Hypoxia
Fetal Death
Fetal Diseases
Fetal Distress
Fetal Growth Retardation
Fetal Macrosomia
Fetal Membranes, Premature Rupture
Fetal Proteins
Fetofetal Transfusion
Fever
Fever of Unknown Origin
Fibrin
Fibrin Fibrinogen Degradation Products
Fibrinogen
Fibrinolysin
Fibrinolytic Agents
Fibrinopeptide A
Fibroblast Growth Factors
Fibroma
Fibronectins
Fibrosis
Fibromyalgia
Fibrous Dysplasia of Bone
Filariasis
Finger Injuries
Fish Oils
Fissure in Ano
Fistula
Flail Chest
Flatulence
Flavins
Flavonoids
Flavoproteins
Flavoring Agents
Flecainide
Flucytosine
Fludrocortisone
Flufenamic Acid
Flumazenil
Fluocinolone Acetonide
Fluorenes
Fluoresceins
Fluorescent Dyes
Fluorides
Fluorine
Fluorine Radioisotopes
Fluorobenzenes
Fluorocarbon Polymers
Fluorocarbons
Fluorometholone
Fluorouracil
Fluoxetine
Fluprednisolone
Flurbiprofen
Flushing
Flutamide
Folic Acid
Folic Acid Antagonists
Folic Acid Deficiency
Folliculitis
Food Additives
Food Coloring Agents
Food Hypersensitivity
Food Preservatives
Foot Deformities
Foot Deformities, Acquired
Foot Deformities, Congenital
Foot Dermatoses
Foot Diseases
Foot-and-Mouth Disease
Forearm Injuries
Foreign Bodies
Foreign-Body Migration
Foreign-Body Reaction
Formaldehyde
Formycins
Formyltetrahydrofolates
Fosfomycin
Fossil Fuels
Fractures, Closed
Fractures, Open
Fractures, Spontaneous
Fractures, Ununited
Free Radicals
Friedreich Ataxia
Fructans
Fructose
Follicle Stimulating Hormone
Tegafur
Fuchs' Endothelial Dystrophy
Fumarates
Furans
Furosemide
gamma-Aminobutyric Acid
Gadolinium
Gagging
Galactans
Galactosamine
Galactose
Galactosidases
Galantamine
Gallbladder Diseases
Gallbladder Neoplasms
Gallopamil
gamma-Glutamyltransferase
Ganglionic Stimulants
Gangliosides
Gas Poisoning
Gases
Noble Gases
Gastric Inhibitory Polypeptide
Gastritis
Gastroenteritis
Gastroesophageal Reflux
Gastrointestinal Agents
Gastrointestinal Diseases
Gastrointestinal Hormones
Gastrointestinal Neoplasms
Gaucher Disease
Gelatin
Gels
Genetic Markers
Genital Diseases, Female
Genital Diseases, Male
Genital Neoplasms, Female
Genital Neoplasms, Male
Gentamicins
Gentian Violet
Gestrinone
Giant Cell Tumors
Castleman Disease
Tourette Syndrome
Gingival Diseases
Gingival Hyperplasia
Gingival Recession
Glaucoma
Glaucoma, Open-Angle
Gliadin
Glyburide
Gliclazide
Glioblastoma
Glioma
Glipizide
Globins
Globulins
Glomerulonephritis
Glomerulonephritis, IGA
Glucagon
Glucans
Glucaric Acid
Glucocorticoids
Glucokinase
Gluconates
Glucosamine
Glucose
Glucose Solution, Hypertonic
Glycogen Storage Disease Type I
Glucosidases
Glucosides
Glucosylceramidase
Glucosyltransferases
Glucuronates
Glutamate Decarboxylase
Glutamates
Glutamine
Glutamate-Ammonia Ligase
Glutathione
Glutathione Peroxidase
Glutathione Transferase
Glutens
Glycerides
Glycerol
Glycerol Kinase
Glycerophosphates
Nitroglycerin
Glycerylphosphorylcholine
Glycine
Glycoconjugates
Glycogen
Glycogen Synthase
Glycogen Storage Disease
Glycogen Storage Disease Type II
Glycogen Storage Disease Type V
Glycolipids
Glycols
Glycopeptides
Glycoproteins
Glycopyrrolate
Glycosaminoglycans
Glycoside Hydrolases
Glycosides
Glycosphingolipids
Glycosuria
Glycyrrhetinic Acid
Glyoxal
Goiter
Goiter, Nodular
Gold
Gonadal Disorders
Gonadal Dysgenesis
Gonadotropins
Chorionic Gonadotropin
Gonadotropins, Pituitary
Gonorrhea
Gout
Gout Suppressants
Graft Occlusion, Vascular
Graft vs Host Disease
Granuloma
Graves Disease
Growth Disorders
Growth Inhibitors
Growth Substances
GTP Cyclohydrolase
Guaiacol
Guaifenesin
Guanidines
Guanine
Guanine Nucleotides
Guanosine
Cyclic GMP
Guanosine Monophosphate
Guanylate Cyclase
Gum Arabic
Gynecomastia
Proton-Translocating ATPases
Haemophilus Infections
Hair Diseases
Halitosis
Hallucinations
Hallucinogens
Hallux Valgus
Halogens
Haloperidol
Hamartoma
Hand Deformities
Hand Deformities, Acquired
Hand Dermatoses
Hand Injuries
Hand, Foot and Mouth Disease
Haptens
Haptoglobins
Rhinitis, Allergic, Seasonal
Head and Neck Neoplasms
Craniocerebral Trauma
Headache
Hearing Disorders
Hearing Loss, Conductive
Hearing Loss, Noise-Induced
Hearing Loss, Sensorineural
Heart Arrest
Heart Block
Heart Defects, Congenital
Heart Diseases
Cardiomegaly
Heart Failure
Heart Injuries
Heart Neoplasms
Heart Septal Defects
Heart Septal Defects, Atrial
Heart Septal Defects, Ventricular
Heart Valve Diseases
Heartburn
Heat-Shock Proteins
Helium
Helminthiasis
Hemagglutinins
Hemagglutinins, Viral
Hemangioma
Hemangioma, Cavernous
Hematinics
Hematologic Agents
Hematologic Diseases
Hematoma
Hematoma, Subdural
Hematuria
Hemeproteins
Hemianopsia
Hemic and Lymphatic Diseases
Hemiplegia
Hemochromatosis
Hemocyanins
Hemoglobin A
Glycated Hemoglobin A
Hemoglobin, Sickle
Hemoglobinopathies
Hemoglobins
Hemoglobins, Abnormal
Hemoglobinuria, Paroxysmal
Hemolysis
Hemolytic-Uremic Syndrome
Hemophilia A
Hemopneumothorax
Hemorrhage
Gastrointestinal Hemorrhage
Oral Hemorrhage
Postpartum Hemorrhage
Hemorrhagic Disorders
Hemorrhagic Fevers, Viral
Hemorrhoids
Hemostatics
Hemothorax
Heparin
Heparin Antagonists
Heparin, Low-Molecular-Weight
Hepatic Encephalopathy
Hepatic Veno-Occlusive Disease
Hepatitis
Hepatitis Antibodies
Hepatitis B
Hepatitis B Antibodies
Hepatitis B Antigens
Hepatitis B e Antigens
Hepatitis B Surface Antigens
Hepatitis, Alcoholic
Hepatitis, Chronic
Hepatitis, Viral, Human
Hepatitis C
Carcinoma, Hepatocellular
Hepatomegaly
Hepatorenal Syndrome
Heptanes
Heptanoic Acids
Hernia
Hernia, Diaphragmatic
Hernia, Femoral
Hernia, Hiatal
Hernia, Inguinal
Hernia, Umbilical
Hernia, Ventral
Heroin Dependence
Herpangina
Herpes Genitalis
Herpes Simplex
Herpes Zoster
Herpesviridae Infections
Hesperidin
Heterocyclic Compounds
Heterocyclic Compounds, Bridged-Ring
Heterocyclic Compounds, 1-Ring
Heterocyclic Compounds, 2-Ring
Heterocyclic Compounds, 3-Ring
Heterocyclic Compounds, 4 or More Rings
Heterocyclic Oxides
Hexosamines
Hexosaminidases
Hexoses
Hexosyltransferases
Hexuronic Acids
Adenoma, Sweat Gland
High Mobility Group Proteins
Hip Dislocation, Congenital
Hip Fractures
Hippurates
Hirsutism
Hirudins
Histamine
Histamine Antagonists
Histamine H1 Antagonists
Histamine H2 Antagonists
Histiocytosis, Langerhans-Cell
Histocompatibility Antigens
Histone Deacetylases
Histones
HIV Seropositivity
HLA Antigens
HLA-D Antigens
HLA-DQ Antigens
HLA-DR Antigens
Hoarseness
Hodgkin Disease
Homocysteine
Hookworm Infections
Hormone Antagonists
Hormones
Hormones, Hormone Substitutes, and Hormone Antagonists
Humeral Fractures
Huntington Disease
Hyaluronic Acid
Hyaluronoglucosaminidase
Hydantoins
Hydralazine
Polyhydramnios
Hydrarthrosis
Hydrazines
Hydrazones
Hydro-Lyases
Hydrocarbons
Hydrocarbons, Acyclic
Hydrocarbons, Alicyclic
Hydrocarbons, Aromatic
Hydrocarbons, Chlorinated
Hydrocarbons, Cyclic
Hydrocarbons, Fluorinated
Hydrocarbons, Halogenated
Hydrocarbons, Iodinated
Testicular Hydrocele
Hydrocephalus
Hydrocephalus, Normal Pressure
Hydrochloric Acid
Hydrochlorothiazide
Hydrocodone
Hydrocortisone
Hydrogen Cyanide
Hydrofluoric Acid
Hydrogen
Hydrogen Peroxide
Hydrogen Sulfide
Hydrolases
Hydrothorax
Hydroxamic Acids
Hydroxides
Hydroxocobalamin
Hydroxy Acids
Hydroxyapatites
Hydroxybutyrates
Hydroxychloroquine
Hydroxycholecalciferols
Hydroxycorticosteroids
Hydroxyeicosatetraenoic Acids
Hydroxyethyl Starch Derivatives
Hydroxyindoleacetic Acid
Hydroxylamines
Mixed Function Oxygenases
Hydroxyprogesterones
Hydroxyquinolines
Hydroxysteroid Dehydrogenases
Hydroxyurea
Hydroxyzine
Hyperaldosteronism
Hyperalgesia
Hyperbilirubinemia
Hypercalcemia
Hypercapnia
Hypercholesterolemia
Hyperlipoproteinemia Type II
Hyperemesis Gravidarum
Hyperemia
Hyperglycemia
Hyperhidrosis
Hyperinsulinism
Hyperkalemia
Hyperkinesis
Hyperlipidemias
Hyperlipidemia, Familial Combined
Hyperlipoproteinemias
Hypernatremia
Hyperopia
Hyperparathyroidism
Hyperparathyroidism, Secondary
Hyperphagia
Hyperpituitarism
Hyperplasia
Hyperprolactinemia
Hypersensitivity
Hypersensitivity, Delayed
Hypersensitivity, Immediate
Disorders of Excessive Somnolence
Hypertension
Hypertension, Portal
Hypertension, Pulmonary
Hypertension, Renal
Hypertension, Renovascular
Hyperthyroidism
Hypertonic Solutions
Hypertrophy
Hyperventilation
Hypesthesia
Hypnotics and Sedatives
Hypoaldosteronism
Hypocalcemia
Hypochlorous Acid
Hypoglycemia
Hypoglycemic Agents
Hypogonadism
Hypolipoproteinemias
Hyponatremia
Hypoparathyroidism
Hypopharyngeal Neoplasms
Hypophosphatemia, Familial
Hypopituitarism
Hypoproteinemia
Hypospadias
Hypotension
Hypotension, Orthostatic
Hypothalamic Diseases
Hypothalamic Hormones
Hypothalamic Neoplasms
Hypothermia
Hypothyroidism
Hypotonic Solutions
Hypotrichosis
Hypoventilation
Hypoxanthines
Iatrogenic Disease
Ibuprofen
Ice
Ichthyosis
Iduronidase
Ifosfamide
Immunoglobulin A
Immunoglobulin A, Secretory
Immunoglobulin D
Immunoglobulin E
Immunoglobulin G
Immunoglobulin M
Ileal Diseases
Ileitis
Illusions
Imidazoles
Imides
Imines
Imino Acids
Imipramine
Immune Complex Diseases
Immune Sera
Immunoglobulin Constant Regions
Immunoglobulin Fragments
Immunoglobulin Isotypes
Immunoglobulin Variable Region
Immunoglobulins
Immunoglobulin Fab Fragments
Immunoglobulin Fc Fragments
Immunoglobulin Heavy Chains
Immunoglobulin Light Chains
Immunologic Deficiency Syndromes
Immune System Diseases
Immunologic Factors
Immunoproliferative Disorders
Immunoproteins
Immunosuppressive Agents
IMP Dehydrogenase
Impetigo
Erectile Dysfunction
Indans
Indapamide
Indazoles
Indenes
Indican
Indicators and Reagents
Indigo Carmine
Indocyanine Green
Indoleacetic Acids
Indoles
Indomethacin
Infant Nutrition Disorders
Infant, Newborn, Diseases
Infant, Premature, Diseases
Infection
Infertility
Infertility, Female
Infertility, Male
Inflammation
Influenza, Human
Influenza Vaccines
Inhibins
Disorders of Environmental Origin
Inorganic Chemicals
Inosine
Inositol
Inositol Phosphates
Insect Bites and Stings
Insect Repellents
Insecticides
Sleep Initiation and Maintenance Disorders
Insulin
Insulin Antibodies
Insulin Resistance
Insulin-Like Growth Factor I
Insulin-Like Growth Factor II
Insulin, Isophane
Interferon Type I
Interferon-gamma
Interferons
Interleukin-1
Interleukin-2
Interleukins
Intermediate Filament Proteins
Intermittent Claudication
Intervertebral Disc Displacement
Intestinal Diseases
Intestinal Diseases, Parasitic
Intestinal Fistula
Intestinal Neoplasms
Intestinal Obstruction
Intestinal Perforation
Intestinal Polyps
Intestinal Pseudo-Obstruction
Intraoperative Complications
Intussusception
Inulin
Iodide Peroxidase
Iodides
Iodine
Iodine Isotopes
Iodine Radioisotopes
Iodized Oil
Iodobenzoates
Iodophors
Iodoproteins
Iohexol
Ion Channels
Ion Exchange Resins
Ions
Iopamidol
Iothalamic Acid
Iris Diseases
Iron
Iron Chelating Agents
Iron Isotopes
Iron Radioisotopes
Iron-Sulfur Proteins
Irritants
Ischemia
Isoantibodies
Isoantigens
Isocitrate Dehydrogenase
Isoenzymes
Isoflavones
Isoflurane
Isoleucine
Isomaltose
Isomerases
Isoniazid
Isonicotinic Acids
Isonipecotic Acids
Isoquinolines
Isosorbide
Isosorbide Dinitrate
Isotonic Solutions
Isotopes
Isoxazoles
Ivermectin
Creutzfeldt-Jakob Syndrome
Jaundice
Jaundice, Neonatal
Jaw Abnormalities
Jaw Cysts
Jaw Diseases
Jaw Fractures
Joint Diseases
Joint Instability
Kallikreins
Aprotinin
Kanamycin
Keloid
Keratins
Keratitis
Keratoconjunctivitis
Keratoconjunctivitis Sicca
Keratoconus
Keratolytic Agents
Keratosis
Kerosene
Ketamine
Keto Acids
Ketoconazole
Ketone Bodies
Ketones
Ketoprofen
Ketoses
Ketosis
Ketosteroids
Ketotifen
Kidney Calculi
Kidney Diseases
Kidney Failure, Chronic
Kidney Neoplasms
Polycystic Kidney Diseases
Peptidyl-Dipeptidase A
Kinins
Klinefelter Syndrome
Knee Injuries
Vulvar Lichen Sclerosus
Kwashiorkor
Kynurenic Acid
Kynurenine
Kyphosis
Labetalol
Obstetric Labor Complications
Obstetric Labor, Premature
Labyrinth Diseases
Lacrimal Apparatus Diseases
Lacrimal Duct Obstruction
Lactalbumin
Lactams
L-Lactate Dehydrogenase
Lactates
Lactation Disorders
Lactoferrin
Lactoglobulins
Lactones
Lactose
Lactoylglutathione Lyase
Lactulose
Language Development Disorders
Language Disorders
Lanosterol
Laryngeal Diseases
Laryngeal Neoplasms
Laryngismus
Laryngitis
Lauric Acids
Lead
Learning Disorders
Leg Injuries
Leg Ulcer
Legg-Calve-Perthes Disease
Legionellosis
Legionnaires' Disease
Leiomyoma
Leiomyosarcoma
Leishmaniasis
Leishmaniasis, Mucocutaneous
Leishmaniasis, Visceral
Lens Diseases
Lens Subluxation
Leprostatic Agents
Leprosy
Leucine
Leukemia
Leukemia, Lymphoid
Leukemia, Myeloid
Leukocyte Disorders
Leukocytosis
Leukomalacia, Periventricular
Leukopenia
Leukoplakia
Leukoplakia, Oral
Leukotriene B4
Levamisole
Levodopa
Levulinic Acids
Lewis Blood-Group System
Luteinizing Hormone
Gonadotropin-Releasing Hormone
Lichen Planus
Lidocaine
Ligands
Ligases
Lincomycin
Linoleic Acids
Linolenic Acids
Linseed Oil
Lip Diseases
Lipase
Lipid A
Lipid Metabolism, Inborn Errors
Lipids
Mucopolysaccharidosis I
Lipodystrophy
Whipple Disease
Thioctic Acid
Lipidoses
Lipopolysaccharides
Lipoprotein Lipase
Lipoproteins
Lipoproteins, HDL
Cholesterol, HDL
Lipoproteins, LDL
Cholesterol, LDL
Lipoproteins, VLDL
Liposarcoma
Liposomes
Lipotropic Agents
Lissamine Green Dyes
Lisuride
Lithium
Liver Abscess
Liver Cirrhosis
Liver Cirrhosis, Alcoholic
Liver Cirrhosis, Biliary
Liver Diseases
Liver Diseases, Alcoholic
Liver Diseases, Parasitic
Liver Glycogen
Liver Neoplasms
Lomustine
Long QT Syndrome
Loperamide
Lorazepam
Lordosis
Lovastatin
Lung Diseases
Lung Diseases, Obstructive
Lung Neoplasms
Lupus Erythematosus, Cutaneous
Lupus Erythematosus, Discoid
Lupus Erythematosus, Systemic
Lupus Nephritis
Luteolytic Agents
Lyases
Lyme Disease
Lymphadenitis
Lymphangiomyoma
Lymphatic Diseases
Lymphatic Metastasis
Lymphedema
Lymphocele
Lymphokines
Lymphoma
Lymphoma, Follicular
Lymphoma, Non-Hodgkin
Lymphopenia
Lymphoproliferative Disorders
Lypressin
Lysergic Acid
Lysergic Acid Diethylamide
Lysine
Lysophosphatidylcholines
Lysophospholipids
Macular Degeneration
Macular Edema
Magnesium
Magnesium Deficiency
Magnesium Hydroxide
Magnesium Oxide
Magnesium Sulfate
Malabsorption Syndromes
Malaria
Malates
Malathion
Maleates
Maleimides
Malignant Carcinoid Syndrome
Mallory-Weiss Syndrome
Malocclusion
Malocclusion, Angle Class II
Malocclusion, Angle Class III
Malonates
Malondialdehyde
Maltose
Mandelic Acids
Mandibular Diseases
Mandibular Fractures
Mannans
Mannitol
Marfan Syndrome
Margarine
Marine Toxins
Mastitis
Materia Medica
Maxillofacial Injuries
Maytansine
Measles
Measles Vaccine
Mebendazole
Mechlorethamine
Meconium Aspiration Syndrome
Mediastinal Diseases
Mediastinal Neoplasms
Mediastinitis
Medroxyprogesterone
Mefenamic Acid
Megestrol
Meglumine
Melanins
Melanoma
Melanosis
Melatonin
Melena
Melioidosis
Melphalan
Memantine
Membrane Glycoproteins
Membrane Lipids
Membrane Proteins
Membranes, Artificial
Memory Disorders
Meniere Disease
Meningeal Neoplasms
Meningioma
Meningitis
Meningitis, Haemophilus
Meningitis, Meningococcal
Meningitis, Pneumococcal
Meningococcal Infections
Meningomyelocele
Menorrhagia
Menotropins
Menstruation Disturbances
Menstruation-Inducing Agents
Intellectual Disability
Meperidine
Mephentermine
Mepivacaine
Mercaptoethylamines
Mercury
Mercury Poisoning
Mesothelioma
Metabolic Diseases
Metabolism, Inborn Errors
Metal Metabolism, Inborn Errors
Metalloendopeptidases
Metalloproteins
Metallothionein
Metals
Metals, Alkali
Metals, Alkaline Earth
Metals, Rare Earth
Metaplasia
Metformin
Methacholine Compounds
Methacrylates
Methadone
Methamphetamine
Mesylates
Methemoglobinemia
Methenolone
Methimazole
Methionine
Methocarbamol
Methotrexate
Methoxyflurane
Methoxyhydroxyphenylglycol
Methyl Ethers
Methylamines
Methylcellulose
Methyldopa
Methylene Blue
Methylglucosides
Methylglycosides
Methylmalonic Acid
Methylphenidate
Methylprednisolone
Methyltestosterone
Methyltransferases
Methyltyrosines
Metoclopramide
Metoprolol
Metronidazole
Metrorrhagia
Metyrapone
Mexiletine
Mianserin
Miconazole
Microfilament Proteins
Microtubule Proteins
Microtubule-Associated Proteins
Midazolam
Midodrine
Migraine Disorders
Milk Proteins
Mineral Waters
Mineralocorticoids
Minerals
Minocycline
Mite Infestations
Mitomycins
Mitotane
Mitoxantrone
Mitral Valve Insufficiency
Mitral Valve Stenosis
Molindone
Molybdenum
Monoamine Oxidase
Monoamine Oxidase Inhibitors
Monobactams
Monoclonal Gammopathy of Undetermined Significance
Monosaccharide Transport Proteins
Monosaccharides
Monosomy
Morphinans
Morphine
Morphine Derivatives
Morpholines
Motilin
Motion Sickness
Mouth Abnormalities
Stomatognathic Diseases
Mouth Diseases
Mouth Neoplasms
Mouthwashes
Movement Disorders
Moyamoya Disease
Melanocyte-Stimulating Hormones
Mucins
Mucocutaneous Lymph Node Syndrome
Mucopolysaccharidoses
Mucopolysaccharidosis III
Mucoproteins
Multienzyme Complexes
Multiple Myeloma
Multiple Organ Failure
Multiple Sclerosis
Multiple Trauma
Mumps Vaccine
Muramic Acids
Muscle Cramp
Muscle Hypertonia
Muscle Hypotonia
Muscle Proteins
Muscle Relaxants, Central
Muscle Spasticity
Muscular Atrophy
Muscular Atrophy, Spinal
Muscular Diseases
Muscular Dystrophies
Musculoskeletal Abnormalities
Musculoskeletal Diseases
Mustard Compounds
Myasthenia Gravis
Mycobacterium Infections
Mycobacterium Infections, Nontuberculous
Mycophenolic Acid
Mycoplasma Infections
Mycoplasmatales Infections
Mycoses
Mycosis Fungoides
Mycotoxins
Mydriatics
Myelin Proteins
Myelitis
Myelodysplastic Syndromes
Myeloma Proteins
Peroxidase
Myeloproliferative Disorders
Cardiomyopathies
Myocardial Infarction
Myocarditis
Myoclonus
Myofascial Pain Syndromes
Myoglobin
Myopia
Myosarcoma
Myosins
Myositis
Myotonia
Myotonic Dystrophy
Myristic Acids
Ipratropium
NAD+ Nucleosidase
NADH, NADPH Oxidoreductases
Nadolol
Nafronyl
Naloxone
Naltrexone
Nandrolone
Naphthacenes
Naphthaleneacetic Acids
Naphthalenes
Naphthalenesulfonates
Naphthoquinones
Naphthyridines
Naproxen
Narcolepsy
Narcotic Antagonists
Opioid-Related Disorders
Narcotics
Nasal Polyps
Nasopharyngeal Diseases
Nasopharyngeal Neoplasms
Nasopharyngitis
Atrial Natriuretic Factor
Nausea
Nebramycin
Necrosis
Nefopam
Nematode Infections
Neomycin
Neonatal Abstinence Syndrome
Congenital, Hereditary, and Neonatal Diseases and Abnormalities
Neoplastic Cells, Circulating
Neoplasm Invasiveness
Neoplasm Metastasis
Neoplasm Proteins
Neoplasm Recurrence, Local
Neoplasm Seeding
Neoplasms
Neoplasms by Histologic Type
Neoplasms by Site
Neoplasms, Connective Tissue
Neoplasms, Germ Cell and Embryonal
Neoplasms, Glandular and Epithelial
Neoplasms, Hormone-Dependent
Multiple Endocrine Neoplasia
Neoplasms, Multiple Primary
Neoplasms, Muscle Tissue
Neoplasms, Nerve Tissue
Neoplasms, Radiation-Induced
Neoplasms, Unknown Primary
Neoplasms, Vascular Tissue
Neoplastic Processes
Neoplastic Syndromes, Hereditary
Neostigmine
Neovascularization, Pathologic
Nephritis
Nephritis, Interstitial
Wilms Tumor
Nephrosis
Nephrotic Syndrome
Nerve Compression Syndromes
Nerve Growth Factors
S100 Proteins
Nerve Tissue Proteins
Nervous System Malformations
Nervous System Diseases
Nervous System Neoplasms
Netilmicin
Neural Tube Defects
Neuralgia
Neuraminic Acids
Neuraminidase
Neuroblastoma
Neurofibroma
Neurofibromatosis 1
Neurologic Manifestations
Neuroma
Neuromuscular Agents
Neuromuscular Blocking Agents
Neuromuscular Depolarizing Agents
Neuromuscular Diseases
Hereditary Sensory and Autonomic Neuropathies
Neuropeptide Y
Neuropeptides
Neurotensin
Neurotoxins
Neutropenia
Nevus
Niacin
Nicardipine
Nicergoline
Nickel
Niacinamide
Nicotine
Nicotinic Acids
Nifedipine
Nifurtimox
Nitrates
Nitric Oxide
Nitriles
Nitrites
Nitro Compounds
Nitrobenzenes
Nitrofurans
Nitrofurantoin
Nitrofurazone
Nitrogen
Nitrogen Dioxide
Nitrogen Isotopes
Nitrogen Mustard Compounds
Nitrogen Oxides
Nitroimidazoles
Nitroprusside
Nitroso Compounds
Nitrosourea Compounds
Nitrous Acid
Nitrous Oxide
Nocardia Infections
Norepinephrine
Norethindrone
Norfloxacin
Norgestrel
Norgestrienone
Normetanephrine
Norpregnadienes
Norpregnanes
Norpregnatrienes
Norpregnenes
Norprogesterones
Norsteroids
Nortriptyline
Nortropanes
Nose Diseases
Nose Neoplasms
Noxae
Nuclear Proteins
Nucleic Acids
Nucleoproteins
N-Glycosyl Hydrolases
Nucleosides
Nucleic Acids, Nucleotides, and Nucleosides
Nucleosomes
Nucleotide Deaminases
Nucleotides
Nucleotides, Cyclic
Nucleotidyltransferases
Nutrition Disorders
Nutritional and Metabolic Diseases
Night Blindness
Nystagmus, Pathologic
Nystatin
Obesity
Obesity, Morbid
Occupational Diseases
Ocular Hypertension
Odontogenic Cysts
Oils
Oils, Volatile
Ointments
Oleanolic Acid
Oleic Acids
Oligodendroglioma
Oligodeoxyribonucleotides
Oligomenorrhea
Oligonucleotides
Oligopeptides
Oligoribonucleotides
Oligosaccharides
Oligospermia
Oliguria
Omeprazole
Oncogene Proteins, Viral
Onium Compounds
Endophthalmitis
Ophthalmic Solutions
Ophthalmoplegia
Opium
Opportunistic Infections
Optic Atrophy
Optic Nerve Diseases
Optic Neuritis
Oral Manifestations
Oral Submucous Fibrosis
Orbital Diseases
Orbital Fractures
Orchitis
Metaproterenol
Organic Chemicals
Organomercury Compounds
Organometallic Compounds
Organophosphorus Compounds
Organoplatinum Compounds
Organothiophosphorus Compounds
Ornidazole
Ornithine
Oropharyngeal Neoplasms
Orthomyxoviridae Infections
Ossification, Heterotopic
Osteitis
Osteoarthritis
Osteochondrodysplasias
Osteogenesis Imperfecta
Osteolysis
Osteomalacia
Osteomyelitis
Osteonecrosis
Osteoporosis
Otitis
Otitis Externa
Otitis Media
Otitis Media with Effusion
Otitis Media, Suppurative
Otorhinolaryngologic Diseases
Otorhinolaryngologic Neoplasms
Ovarian Cysts
Ovarian Diseases
Ovarian Neoplasms
Oxadiazoles
Oxalates
Oxandrolone
Oxazines
Oxazocines
Oxazoles
Oxides
Oxidoreductases
Oxidoreductases, N-Demethylating
Oximes
Oxonic Acid
Oxycodone
Oxygen
Oxygen Isotopes
Oxygenases
Oxymetazoline
Oxymorphone
Oxypurinol
Oxytocics
Oxytocin
Ozone
4-Aminobenzoic Acid
Pain
Pain, Intractable
Pain, Postoperative
Palmitates
Palmitic Acids
Pancreatic Cyst
Pancreatic Diseases
Pancreatic Extracts
Pancreatic Fistula
Pancreatic Hormones
Exocrine Pancreatic Insufficiency
Pancreatic Neoplasms
Pancreatic Polypeptide
Pancreatic Pseudocyst
Pancreatitis
Pantothenic Acid
Papaverine
Papilloma
Parabens
Paraffin
Paralysis
Paralyses, Familial Periodic
Paramethasone
Paranasal Sinus Diseases
Paraneoplastic Syndromes
Paraplegia
Paraproteinemias
Paraproteins
Parasitic Diseases
Parasympatholytics
Parasympathomimetics
Parathyroid Diseases
Parathyroid Hormone
Paratyphoid Fever
Paresis
Paresthesia
Parkinson Disease
Parkinson Disease, Secondary
Paromomycin
Parotid Diseases
Pathologic Processes
Lice Infestations
Pelvic Neoplasms
Pemphigoid, Benign Mucous Membrane
Pemphigoid, Bullous
Pemphigus
Penicillanic Acid
Penicillin G
Penicillin G Benzathine
Penicillin G Procaine
Penicillin V
Penicillins
Penile Diseases
Penile Induration
Pentamidine
Pentanoic Acids
Pentazocine
Pentosan Sulfuric Polyester
Pentoses
Pentosyltransferases
Pentoxifylline
Peptic Ulcer
Peptic Ulcer Hemorrhage
Peptide Fragments
Peptide Hydrolases
Peptide Initiation Factors
Endopeptidases
Peptide Synthases
Peptides
Peptides, Cyclic
Perceptual Disorders
Perchlorates
Perhexiline
Polyarteritis Nodosa
Pericardial Effusion
Pericarditis
Pericarditis, Constrictive
Pericarditis, Tuberculous
Pericoronitis
Familial Mediterranean Fever
Periodontal Diseases
Periodontal Pocket
Periodontitis
Peripheral Nervous System Diseases
Peripheral Nervous System Neoplasms
Peritoneal Diseases
Peritoneal Neoplasms
Peritonitis
Peroxidases
Peroxides
Perphenazine
Persistent Fetal Circulation Syndrome
Pertussis Vaccine
Pesticides
Petrolatum
Petroleum
Phantom Limb
Pharmaceutic Aids
Pharyngeal Diseases
Pharyngeal Neoplasms
Pharyngitis
Phenanthrenes
Phenazines
Phenazopyridine
Phenelzine
Phenylethyl Alcohol
Phenethylamines
Pheniramine
Phenobarbital
Phenols
Phenothiazines
Phenprocoumon
Phentermine
Phenyl Ethers
Phenylacetates
Phenylalanine
Phenylenediamines
Phenylephrine
Phenylhydrazines
Phenylketonurias
Phenylpropanolamine
Phenylpropionates
Phenylthiohydantoin
Phenylurea Compounds
Phenytoin
Philadelphia Chromosome
Phimosis
Phlebitis
Phosphates
Phosphatidic Acids
Phosphatidylcholines
Phosphatidylethanolamines
Phosphatidylglycerols
Phosphatidylserines
Phosphines
Phosphinic Acids
Phosphocreatine
Phosphodiesterase Inhibitors
Phosphoric Diester Hydrolases
Phospholipases
Phospholipases A
Phospholipid Ethers
Phospholipids
Phosphoric Monoester Hydrolases
Phosphoprotein Phosphatases
Phosphoproteins
Phosphopyruvate Hydratase
Phosphoramide Mustards
Organophosphates
Phosphoric Acids
Phosphorous Acids
Phosphorus
Phosphorus Isotopes
Phosphorus Metabolism Disorders
Phosphorylcholine
Phosphotransferases
Photosensitivity Disorders
Phthalazines
Phthalic Acids
Phthalimides
Physostigmine
6-Phytase
Phytic Acid
Phytol
Vitamin K 1
Phytosterols
Obesity Hypoventilation Syndrome
Picolines
Picornaviridae Infections
Pierre Robin Syndrome
Pigmentation Disorders
Pigments, Biological
Pilocarpine
Pilonidal Sinus
Natamycin
Pipecolic Acids
Piperacillin
Piperazines
Piperidines
Piperidones
Piracetam
Piribedil
Pirinitramide
Piroxicam
Pituitary Diseases
Pituitary Hormone Release Inhibiting Hormones
Pituitary Hormone-Releasing Hormones
Pituitary Hormones
Pituitary Hormones, Anterior
Pituitary Hormones, Posterior
Pituitary Neoplasms
Placebos
Placenta Diseases
Placental Extracts
Placental Hormones
Placental Insufficiency
Plant Extracts
Plant Oils
Plant Proteins
Plasma Substitutes
Plasmalogens
Tissue Plasminogen Activator
Plasminogen Activators
Plastics
Platelet Activating Factor
Platelet Aggregation Inhibitors
Platelet Factor 4
Platelet Membrane Glycoproteins
Platelet-Derived Growth Factor
Platinum
Pleural Diseases
Pleural Effusion
Pleural Neoplasms
Pleurisy
Pneumococcal Infections
Pneumonia
Pneumonia, Aspiration
Pneumonia, Pneumococcal
Pneumonia, Staphylococcal
Pneumonia, Viral
Pneumoperitoneum
Pneumothorax
Podophyllotoxin
Poisoning
Poliomyelitis
Poliovirus Vaccine, Inactivated
Poliovirus Vaccine, Oral
Poly C
Poly I
Poly I-C
Poly U
Polyamines
Polycyclic Compounds
Polycyclic Aromatic Hydrocarbons
Polycystic Ovary Syndrome
Polycythemia
Polycythemia Vera
Polydeoxyribonucleotides
Polyenes
Polyesters
Polyethylene Glycols
Polyethylene Terephthalates
Polyethylenes
Polygeline
Polyglactin 910
Polyglycolic Acid
Polymers
Polymethacrylic Acids
Polymyalgia Rheumatica
Polymyxin B
Polymyxins
Polyneuropathies
Polynucleotides
Polyphosphates
Adenomatous Polyposis Coli
Polypropylenes
Polyps
Polyradiculoneuropathy
Polyribonucleotides
Polysaccharide-Lyases
Polysaccharides
Polysaccharides, Bacterial
Polysorbates
Polystyrenes
Polytetrafluoroethylene
Polyurethanes
Polyuria
Polyvinyl Alcohol
Polyvinyl Chloride
Polyvinyls
Porphyrias
Porphyrins
Postgastrectomy Syndromes
Postoperative Complications
Postpericardiotomy Syndrome
Potassium
Potassium Chloride
Potassium Iodide
Povidone
Povidone-Iodine
Powders
Poxviridae Infections
Prader-Willi Syndrome
Pralidoxime Compounds
Praziquantel
Prazosin
Pre-Eclampsia
Prealbumin
Precancerous Conditions
Prediabetic State
Prednisolone
Prednisone
Pregnadienediols
Pregnadienes
Pregnadienetriols
Pregnancy Complications
Pregnancy Complications, Cardiovascular
Pregnancy Complications, Hematologic
Pregnancy Complications, Infectious
Pregnancy Complications, Neoplastic
Pregnancy in Diabetics
Pregnancy Proteins
Pregnancy-Associated Plasma Protein-A
Pregnancy, Ectopic
Pregnancy, Prolonged
Pregnancy, Tubal
Pregnanediol
Pregnanediones
Pregnanes
Pregnanolone
Pregnenediones
Pregnenes
Premenstrual Syndrome
Prenatal Exposure Delayed Effects
Presbycusis
Presbyopia
Preservatives, Pharmaceutical
Priapism
Prilocaine
Primaquine
Pro-Opiomelanocortin
Probenecid
Probucol
Procaine
Procarbazine
Fenofibrate
Prochlorperazine
Procollagen
Proctitis
Proctocolitis
Prodrugs
Progestins
Progesterone
Prognathism
Proinsulin
Prolactin
Prolapse
Proline
Promethazine
Propafenone
Propylene Glycols
Propanolamines
Complement Factor B
Propionates
Propiophenones
Propoxycaine
Dextropropoxyphene
Propranolol
Propylamines
Propylthiouracil
Prostaglandin Antagonists
Prostaglandin Endoperoxides
Prostaglandin Endoperoxides, Synthetic
Prostaglandin-Endoperoxide Synthases
Prostaglandins
Prostaglandins D
Prostaglandins E
Prostaglandins E, Synthetic
Prostaglandins F
Prostaglandins F, Synthetic
Prostaglandins H
Epoprostenol
Prostaglandins, Synthetic
Prostatic Diseases
Prostatic Hyperplasia
Prostatic Neoplasms
Prostatitis
Prosthesis Failure
Protamines
Protease Inhibitors
Protein C
Protein Deficiency
Protein Hydrolysates
Protein Kinase C
Protein Kinases
Histone-Lysine N-Methyltransferase
Protein Methyltransferases
Protein Precursors
Protein-Energy Malnutrition
Transglutaminases
Protein-Tyrosine Kinases
Proteins
Proteinuria
Proteoglycans
Proteolipids
Proteus Infections
Prothrombin
Proto-Oncogene Proteins
Protons
Protoporphyrins
Protozoan Infections
Pruritus
Pseudarthrosis
Pseudomonas Infections
Pseudotumor Cerebri
Psilocybin
Furocoumarins
Psoriasis
Psychomotor Agitation
Psychomotor Disorders
Psychophysiologic Disorders
Psychoses, Substance-Induced
Psychotropic Drugs
Psyllium
Pteridines
Pterins
Pterygium
Puberty, Precocious
Puerperal Disorders
Puerperal Infection
Pulmonary Alveolar Proteinosis
Pulmonary Edema
Pulmonary Embolism
Pulmonary Emphysema
Pulmonary Eosinophilia
Pulmonary Fibrosis
Pulmonary Surfactants
Pulmonary Valve Insufficiency
Pupil Disorders
Purine Nucleosides
Purine Nucleotides
Purine-Pyrimidine Metabolism, Inborn Errors
Purines
Purinones
Purpura
Purpura, Schoenlein-Henoch
Purpura, Thrombocytopenic
Purpura, Thrombotic Thrombocytopenic
Putrescine
Pyelitis
Pyelonephritis
Pyloric Stenosis
Pyrans
Pyrantel
Pyrantel Pamoate
Pyrazinamide
Pyrazines
Pyrazoles
Pyrethrins
Pyridazines
Pyridines
Pyridinium Compounds
Pyridones
Pyridostigmine Bromide
Pyridoxal
Pyridoxal Phosphate
Pyridoxine
Pyrimethamine
Pyrimidine Nucleosides
Pyrimidine Nucleotides
Pyrimidines
Pyrimidinones
Pyrones
Pyrophosphatases
Diphosphates
Pyrroles
Pyrrolidines
Pyrrolidinones
Pyrrolidonecarboxylic Acid
Pyruvaldehyde
Pyruvate Dehydrogenase Complex
Pyuria
Quadriplegia
Quercetin
Quinacrine
Quinazolines
Quinidine
Quinine
Quinolines
Quinolizines
Quinones
Quinoxalines
Quinuclidines
Rabies Vaccines
Radiation Injuries
Radiation-Protective Agents
Radiation-Sensitizing Agents
Radiculopathy
Radioactive Tracers
Radiodermatitis
Radioisotopes
Radium
Radius Fractures
Ranitidine
Raynaud Disease
Razoxane
Reagent Kits, Diagnostic
Receptors, Adrenergic
Receptors, Adrenergic, alpha
Receptors, Adrenergic, beta
Receptors, Androgen
Receptors, Angiotensin
Receptors, Antigen
Receptors, Antigen, B-Cell
Receptors, Antigen, T-Cell
Receptors, Cholinergic
Receptors, Complement
Receptors, Dopamine
Receptors, Drug
Receptors, Cell Surface
Receptors, Opioid
Receptor, Epidermal Growth Factor
Receptors, Estrogen
Receptors, Fc
Receptors, GABA-A
Receptors, Gastrointestinal Hormone
Receptors, Glucocorticoid
Receptors, Histamine
Receptors, Histamine H1
Receptors, Immunologic
Receptor, Insulin
Receptors, LDL
Receptors, Mitogen
Receptors, Nicotinic
Receptors, Pituitary Hormone
Receptors, Progesterone
Receptors, Prostaglandin
Receptors, Purinergic
Receptors, Serotonin
Receptors, Somatotropin
Receptors, Steroid
Receptors, Thyroid Hormone
Receptors, Transferrin
Receptors, Virus
Recombinant Fusion Proteins
Recombinant Proteins
Hyperacusis
Rectal Diseases
Rectal Fistula
Rectal Neoplasms
Rectal Prolapse
Recurrence
Reflex Sympathetic Dystrophy
Reflex, Abnormal
Refractive Errors
Relaxin
Remission, Spontaneous
Renal Agents
Renal Artery Obstruction
Renin
Reoviridae Infections
Cumulative Trauma Disorders
Repressor Proteins
Reproductive Control Agents
Resins, Plant
Resins, Synthetic
Resorcinols
Respiration Disorders
Respiratory Distress Syndrome, Newborn
Respiratory Distress Syndrome, Adult
Respiratory Hypersensitivity
Respiratory Insufficiency
Respiratory Paralysis
Respiratory Sounds
Respiratory Tract Diseases
Respiratory Tract Infections
Respiratory Tract Neoplasms
Restless Legs Syndrome
Retinal Degeneration
Retinal Detachment
Retinal Diseases
Retinal Hemorrhage
Retinal Perforations
Retinal Pigments
Retinal Vein Occlusion
Retinitis
Retinitis Pigmentosa
Retinoblastoma
Retinoids
Retinol-Binding Proteins
Retinopathy of Prematurity
Retrocochlear Diseases
Retroperitoneal Fibrosis
Retroperitoneal Neoplasms
Retroviridae Proteins
Retroviridae Infections
RNA-Directed DNA Polymerase
Rhabdomyolysis
Rhabdomyosarcoma
Rheumatic Fever
Rheumatic Diseases
Rheumatoid Factor
Rhinitis
Rhinitis, Allergic, Perennial
Rib Fractures
Ribavirin
Riboflavin
Ribonucleases
Ribonucleoproteins
Ribonucleosides
Ribonucleotides
Ribosomal Proteins
Rickets
Rifampin
Rifamycins
Rimantadine
RNA
RNA Nucleotidyltransferases
DNA-Directed RNA Polymerases
RNA Replicase
RNA Virus Infections
RNA, Bacterial
RNA, Messenger
RNA, Neoplasm
RNA, Ribosomal
RNA, Ribosomal, 16S
RNA, Ribosomal, 23S
RNA, Viral
Rotavirus Infections
Rubella Vaccine
Rupture
Rupture, Spontaneous
Rutin
S-Adenosylmethionine
Safflower Oil
Salicylamides
Salicylates
Sulfasalazine
Saline Solution, Hypertonic
Salivary Gland Diseases
Salivary Gland Neoplasms
Salivary Proteins and Peptides
Salmonella Infections
Salts
Sapogenins
Saponins
Sarcoidosis
Sarcoma
Sarcoma, Ewing
Sarcoma, Kaposi
Osteosarcoma
Sarcosine
Saxitoxin
Scalp Dermatoses
Sciatica
Scleroderma, Localized
Scleroderma, Systemic
Scleroproteins
Sclerosing Solutions
Scoliosis
Scopolamine Hydrobromide
Scopolamine Derivatives
Scorpion Venoms
Scotoma
Sebaceous Gland Diseases
Secosteroids
Secretin
Seizures
Selegiline
Selenium
Selenomethionine
Sensation Disorders
Serine
Serine Endopeptidases
Serotonin
Serotonin Antagonists
Serum Albumin
Serum Globulins
Sesquiterpenes
Disorders of Sex Development
Sexual Dysfunction, Physiological
Sex Hormone-Binding Globulin
Gonadal Steroid Hormones
Sexually Transmitted Diseases
Shock
Shock, Cardiogenic
Shock, Hemorrhagic
Shock, Septic
Shock, Surgical
Shock, Traumatic
Short Bowel Syndrome
Shoulder Dislocation
Shoulder Fractures
Sialic Acids
Sialoglycoproteins
Sialorrhea
Sick Sinus Syndrome
Sigmoid Diseases
Sigmoid Neoplasms
Signs and Symptoms
Signs and Symptoms, Digestive
Signs and Symptoms, Respiratory
Silicon Dioxide
Silicic Acid
Silicone Elastomers
Silicone Oils
Silicones
Siloxanes
Silver
Silver Sulfadiazine
Silymarin
Sinus Thrombosis, Intracranial
Sinusitis
Sisomicin
Sitosterols
Sjogren's Syndrome
Skin Abnormalities
Skin Diseases
Skin Diseases, Vesiculobullous
Skin Diseases, Genetic
Skin Diseases, Infectious
Skin Diseases, Metabolic
Skin Diseases, Parasitic
Skin Manifestations
Skin Neoplasms
Skin Ulcer
Skull Fractures
Skull Neoplasms
Sleep Apnea Syndromes
Sleep Deprivation
Sleep Wake Disorders
Slow Virus Diseases
Autacoids
Smallpox
Smallpox Vaccine
Smoke
Snake Bites
Snake Venoms
Sneezing
Snoring
Soaps
Sodium
Sodium Chloride
Etidronic Acid
Sodium Fluoride
Sodium Glutamate
Sodium Hypochlorite
Sodium Morrhuate
Sodium Nitrite
Sodium Oxybate
Sodium, Dietary
Soft Tissue Neoplasms
Soil
Solanaceous Alkaloids
Solutions
Solvents
Somatomedins
Somatostatin
Growth Hormone
Growth Hormone-Releasing Hormone
Sorbitol
Sotalol
Soybean Oil
Spasm
Spasms, Infantile
Speech Disorders
Spermatocele
Spermatocidal Agents
Spermidine
Spermine
Sphingolipidoses
Sphingolipids
Sphingosine
Spinal Cord Compression
Spinal Cord Diseases
Spinal Cord Injuries
Spinal Curvatures
Spinal Diseases
Spinal Injuries
Spinal Stenosis
Spinocerebellar Degenerations
Spiro Compounds
Spirochaetales Infections
Spironolactone
Splenomegaly
Spondylitis
Spondylitis, Ankylosing
Spondylolisthesis
Spondylolysis
Sprains and Strains
Squalene
SRS-A
Dihydrotestosterone
Staphylococcal Infections
Staphylococcal Skin Infections
Staphylococcal Vaccines
Starch
Status Epilepticus
Steam
Stearoyl-CoA Desaturase
Steroid Hydroxylases
Steroid 17-alpha-Hydroxylase
Steroids
Steroids, Chlorinated
Steroids, Fluorinated
Steroids, Heterocyclic
Sterols
Stevens-Johnson Syndrome
Stilbenes
Stomach Diseases
Stomach Neoplasms
Stomach Ulcer
Stomatitis
Stomatitis, Aphthous
Stomatitis, Herpetic
Strabismus
Street Drugs
Streptococcal Infections
Streptomycin
Streptozocin
Strontium
Strontium Isotopes
Strontium Radioisotopes
Subarachnoid Hemorrhage
Subcutaneous Emphysema
Substance P
Substance Withdrawal Syndrome
Subtilisins
Succinates
Succinimides
Succinylcholine
Sucralfate
Sucrase
Sucrose
Sudden Infant Death
Sugar Acids
Sugar Alcohols
Sugar Phosphates
Sulbactam
Sulfadiazine
Sulfadoxine
Sulfamethoxazole
Sulfanilamides
Sulfates
Carbon-Sulfur Lyases
Sulfhydryl Compounds
Sulfides
Sulfonamides
Sulfones
Sulfonic Acids
Sulfonylurea Compounds
Sulfoxides
Sulfur
Sulfur Acids
Sulfur Compounds
Sulfur Dioxide
Sulfur Oxides
Sulfuric Acids
Sulindac
Sulpiride
Sunburn
Sunscreening Agents
Superoxides
Superoxide Dismutase
Suppositories
Suppuration
Supranuclear Palsy, Progressive
Surface-Active Agents
Surgical Wound Dehiscence
Surgical Wound Infection
Suspensions
Swayback
Sweat Gland Diseases
Sweat Gland Neoplasms
Sweetening Agents
Sympatholytics
Sympathomimetics
Pathological Conditions, Signs and Symptoms
Syncope
Syndrome
Synostosis
Sarcoma, Synovial
Synovitis
Synovitis, Pigmented Villonodular
Syphilis
Tablets
Tablets, Enteric-Coated
Tachycardia
Tachycardia, Atrioventricular Nodal Reentry
Tachycardia, Ectopic Atrial
Tachycardia, Ectopic Junctional
Tachycardia, Paroxysmal
Tachycardia, Sinus
Tachycardia, Supraventricular
Taeniasis
Takayasu Arteritis
Talc
Tamoxifen
Tannins
Tars
Tartrates
Taste Disorders
Taurine
Taurochenodeoxycholic Acid
Taurocholic Acid
Taurodeoxycholic Acid
Tea
Technetium
Technetium Tc 99m Sulfur Colloid
Telangiectasia, Hereditary Hemorrhagic
Telangiectasis
Giant Cell Arteritis
Temporomandibular Joint Disorders
Temporomandibular Joint Dysfunction Syndrome
Tendon Injuries
Tennis Elbow
Terbutaline
Terpenes
Testicular Diseases
Testicular Hormones
Testicular Neoplasms
Testosterone
3-Oxo-5-alpha-Steroid 4-Dehydrogenase
Tetanus
Tetanus Toxoid
Tetrabenazine
Tetracaine
Tetracycline
Tetracyclines
Dronabinol
Tetrahydrofolate Dehydrogenase
Tetrahydrofolates
Tetrahydronaphthalenes
5-Methyltetrahydrofolate-Homocysteine S-Methyltransferase
Tetralogy of Fallot
Tetrazoles
Thalassemia
Thalidomide
Theobromine
Theophylline
Thiadiazoles
Thiamine
Thiamine Deficiency
Thiazepines
Thiazines
Thiazoles
Thienamycins
Thiepins
Thimerosal
Thinness
Thiobarbiturates
Thioglycolates
Thioglycosides
Thioguanine
Thiohydantoins
Thiolester Hydrolases
Thionucleosides
Thiopental
Thiophenes
Thiouracil
Thoracic Diseases
Thoracic Injuries
Thoracic Neoplasms
Threonine
Thrombin
Thrombocythemia, Essential
Thrombocytopenia
Thrombocytosis
Thromboembolism
Thromboplastin
Thrombopoietin
Thrombosis
Thromboxane A2
Thromboxane B2
Thromboxanes
Thymidine
Thymol
Thymoma
Thymosin
Thymus Hormones
Thymus Neoplasms
Thyroglobulin
Antithyroid Agents
Thyroid Diseases
Thyroid Hormones
Thyroid Neoplasms
Thyroiditis
Thyroiditis, Autoimmune
Thyronines
Thyrotoxicosis
Thyrotropin
Thyrotropin-Releasing Hormone
Thyroxine
Tibial Fractures
Tic Disorders
Ticlopidine
Timolol
Tinea Versicolor
Tinidazole
Tinnitus
Tissue Adhesives
Tissue Extracts
Titanium
Tobacco Smoke Pollution
Tobacco Use Disorder
Tobramycin
Togaviridae Infections
Toluene
Toluidines
Tonsillar Neoplasms
Tonsillitis
Tooth Discoloration
Tooth Diseases
Tooth, Impacted
Toothache
Toothpastes
Torticollis
Tosyl Compounds
Toxemia
Toxins, Biological
Toxoids
Toxoplasmosis
Toxoplasmosis, Ocular
Trace Elements
Tracheal Diseases
Tracheal Stenosis
Tracheoesophageal Fistula
Trachoma
Tramadol
Tranexamic Acid
Tranquilizing Agents
Antipsychotic Agents
Anti-Anxiety Agents
Transcobalamins
Transcription Factors
Transferases
Transferrin
Translocation, Genetic
Neurotransmitter Uptake Inhibitors
Transposition of Great Vessels
Trazodone
Tremor
Treponemal Infections
Tretinoin
Triamcinolone
Triamcinolone Acetonide
Triazenes
Triazines
Triazoles
Tricarboxylic Acids
Trichlormethiazide
Trichomonas Infections
Trichomonas Vaginitis
Trichuriasis
Triclosan
Tricuspid Valve Insufficiency
Trifluridine
Trigeminal Neuralgia
Triglycerides
Trihexosylceramides
Triiodobenzoic Acids
Triiodothyronine
Trimetazidine
Trimethoprim
Triolein
Trisaccharides
Trismus
Trisomy
Triterpenes
Tritium
Tromethamine
Tropanes
Troponin
Trypanocidal Agents
Trypanosomiasis
Trypanosomiasis, African
Chagas Disease
Trypsin
Trypsin Inhibitor, Bowman-Birk Soybean
Trypsin Inhibitors
Tryptamines
Tryptophan
Tryptophan Hydroxylase
Tuberculosis
Tuberculosis, Cardiovascular
Tuberculosis, Meningeal
Tuberculosis, Osteoarticular
Tuberculosis, Pulmonary
Tuberculosis, Spinal
Tuberous Sclerosis
Tubulin
Biomarkers, Tumor
Tumor Necrosis Factor-alpha
Tumor Virus Infections
Turner Syndrome
Typhoid Fever
Typhoid-Paratyphoid Vaccines
Tyramine
Tyrosine
Ubiquinone
Ubiquitins
Glucuronosyltransferase
Ulcer
Ulna Fractures
Unconsciousness
Uracil
Uracil Nucleotides
Urate Oxidase
Urea
Urease
Uremia
Ureohydrolases
Ureteral Calculi
Ureteral Diseases
Ureteral Obstruction
Urethane
Urethral Diseases
Urethral Obstruction
Urethral Stricture
Urethritis
Uric Acid
Uricosuric Agents
Uridine
Uridine Monophosphate
Urinary Calculi
Urinary Fistula
Urinary Incontinence
Urinary Incontinence, Stress
Urinary Tract Infections
Urination Disorders
Urogenital Abnormalities
Urogenital Neoplasms
Urokinase-Type Plasminogen Activator
Urologic Diseases
Urologic Neoplasms
Uronic Acids
Ursodeoxycholic Acid
Urticaria
Uterine Diseases
Uterine Hemorrhage
Uterine Inertia
Uterine Neoplasms
Uterine Prolapse
Uterine Rupture
Uveal Diseases
Uveal Neoplasms
Uveitis
Uveitis, Anterior
Uveomeningoencephalitic Syndrome
Vaccines
Vaccines, Attenuated
Vaccines, Synthetic
Vaccinia
Vaginal Creams, Foams, and Jellies
Vaginal Diseases
Vaginal Fistula
Vaginal Neoplasms
Vaginitis
Valerates
Valine
Valproic Acid
Vancomycin
Varicose Ulcer
Varicose Veins
Vascular Diseases
Vasculitis
Vasoactive Intestinal Peptide
Vasoconstrictor Agents
Nasal Decongestants
Vasodilator Agents
Vasopressins
Vasotocin
Vecuronium Bromide
Vegetable Proteins
Pharmaceutical Vehicles
Venoms
Venous Insufficiency
Ventricular Fibrillation
Ventricular Outflow Obstruction
Verapamil
Vertebrobasilar Insufficiency
Vertigo
Vesico-Ureteral Reflux
Vibrio Infections
Vidarabine
Vinblastine
Vinca Alkaloids
Vincristine
Vindesine
Vinyl Compounds
Viper Venoms
Viral Core Proteins
Viral Envelope Proteins
Viral Fusion Proteins
Viral Hepatitis Vaccines
Viral Proteins
Viral Vaccines
Viremia
Virilism
Virus Diseases
Visceral Prolapse
Vision Disorders
Vitamin A
Vitamin A Deficiency
Vitamin B Complex
Vitamin B Deficiency
Vitamin B 12
Vitamin B 12 Deficiency
Vitamin D
Vitamin D Deficiency
Vitamin D-Binding Protein
Vitamin E
Vitamin E Deficiency
Vitamin K
Vitamins
Vitiligo
Vitreous Hemorrhage
Vocal Cord Paralysis
Voice Disorders
Vomiting
von Willebrand Factor
von Willebrand Diseases
Vulvar Diseases
Vulvar Neoplasms
Vulvitis
Vulvovaginitis
Warfarin
Warts
Water
Water Intoxication
Water-Electrolyte Imbalance
Waxes
Granulomatosis with Polyangiitis
Whiplash Injuries
Whooping Cough
Wound Infection
Wounds and Injuries
Wounds, Nonpenetrating
Wounds, Penetrating
Wounds, Stab
Wrist Injuries
Xanthenes
Xanthine Oxidase
Xanthines
Lutein
Xanthurenates
Xenon
Xerophthalmia
Xerostomia
Xylans
Xylitol
Yaws
Yellow Fever
Yohimbine
Yttrium
Yttrium Isotopes
Yttrium Radioisotopes
Zinc
Zinc Isotopes
Zinc Oxide
Zirconium
1-Naphthylamine
11-Hydroxycorticosteroids
17-Hydroxycorticosteroids
17-Ketosteroids
2',5'-Oligoadenylate Synthetase
beta-Alanine
Droxidopa
3,4-Methylenedioxyamphetamine
3',5'-Cyclic-AMP Phosphodiesterases
3',5'-Cyclic-GMP Phosphodiesterases
4-Hydroxycoumarins
Eicosapentaenoic Acid
Aminocaproic Acid
6-Ketoprostaglandin F1 alpha
Mercaptopurine
Dementia, Vascular
Tocolytic Agents
Esophageal Motility Disorders
Esophageal Spasm, Diffuse
Superinfection
Vaccines, Inactivated
Supratentorial Neoplasms
Prolactinoma
Colorectal Neoplasms
Osteoarthritis, Hip
Arthritis, Gouty
Zellweger Syndrome
Inflammatory Bowel Diseases
Antigens, Differentiation, Myelomonocytic
Zidovudine
Cholesterol Ester Storage Disease
Calcium Channels
Potassium Channels
Sodium Channels
Wolman Disease
Dideoxynucleosides
Hypertriglyceridemia
Sexually Transmitted Diseases, Viral
Prostaglandin D2
Sexually Transmitted Diseases, Bacterial
Dinoprostone
HLA-B Antigens
Dinoprost
Ofloxacin
Cholesterol, VLDL
Thiorphan
Gemfibrozil
Epirubicin
DNA Modification Methylases
Idarubicin
Dopamine Agents
Neprilysin
Churg-Strauss Syndrome
Mycobacterium avium-intracellulare Infection
DNA Restriction-Modification Enzymes
Octreotide
Citalopram
Neurokinin B
Leukotrienes
Antigens, Tumor-Associated, Carbohydrate
Ceftizoxime
Biogenic Monoamines
Cefmetazole
Hemodialysis Solutions
Dialysis Solutions
Biogenic Polyamines
Tachykinins
Pyruvate Metabolism, Inborn Errors
Pyruvate Dehydrogenase Complex Deficiency Disease
Molecular Probes
Nucleic Acid Probes
DNA Probes
Dry Eye Syndromes
Child Nutrition Disorders
Quinolones
Receptors, Interleukin-2
Imipenem
Egg Proteins, Dietary
Histocompatibility Antigens Class I
Biomarkers
Optic Atrophies, Hereditary
Reperfusion Injury
Myocardial Reperfusion Injury
Weight Gain
Weight Loss
Glomerulonephritis, Membranous
Leukemia, B-Cell
Leukemia, Lymphocytic, Chronic, B-Cell
Precursor B-Cell Lymphoblastic Leukemia-Lymphoma
Leukemia, Myelogenous, Chronic, BCR-ABL Positive
Leukemia, Myeloid, Accelerated Phase
Leukemia, Myeloid, Chronic-Phase
Leukemia, Myeloid, Acute
Leukemia, Promyelocytic, Acute
Isotretinoin
Leukemia, Myelomonocytic, Acute
Deltaretrovirus Antibodies
HIV Antibodies
HIV Antigens
Renal Tubular Transport, Inborn Errors
Drugs, Investigational
Nasal Obstruction
Oncogene Proteins
Oncogene Proteins, Fusion
Frontal Sinusitis
Maxillary Sinusitis
Fatty Acids, Omega-3
AIDS Dementia Complex
Rehydration Solutions
Trans-Activators
Arthritis, Psoriatic
Roxithromycin
Retinal Drusen
Pregnancy Complications, Parasitic
Organotechnetium Compounds
Histiocytosis
Lambert-Eaton Myasthenic Syndrome
Magnesium Chloride
Pentostatin
24,25-Dihydroxyvitamin D 3
25-Hydroxyvitamin D 2
HIV Infections
Trimethoprim, Sulfamethoxazole Drug Combination
Osteoporosis, Postmenopausal
Fatigue Syndrome, Chronic
Osteocalcin
Osteonectin
Viral Structural Proteins
Retroviridae Proteins, Oncogenic
Gene Products, gag
Gene Products, pol
Gene Products, env
HIV Envelope Protein gp120
Antigens, CD
CD4 Antigens
Corneal Edema
Fibrin Tissue Adhesive
Diphtheria-Tetanus-Pertussis Vaccine
Fluconazole
Receptors, HIV
Mifepristone
Nisoldipine
Famotidine
Calcitonin Gene-Related Peptide
Propofol
Abdominal Pain
Alfentanil
4-Aminopyridine
2-Chloroadenosine
Bepridil
Albendazole
Mefloquine
Ganciclovir
Fractures, Stress
Eicosanoids
Minor Histocompatibility Antigens
Carbapenems
Betaxolol
Eye Diseases, Hereditary
Choroideremia
Protozoan Proteins
HLA-DR3 Antigen
Glaucoma, Angle-Closure
Cell Adhesion Molecules
Cell Adhesion Molecules, Neuronal
Eye Infections
Eye Infections, Bacterial
Substance Abuse, Intravenous
Cadherins
Eye Infections, Fungal
Eye Infections, Parasitic
Acanthamoeba Keratitis
Eye Infections, Viral
Ocular Motility Disorders
Vestibular Diseases
Serine Proteinase Inhibitors
Serpins
Monokines
Interleukin-4
Interleukin-5
Plasminogen Inactivators
Interleukin-6
Interleukin-7
Anisometropia
Retinal Neovascularization
Choroid Diseases
Panuveitis
Uveitis, Posterior
Uveitis, Intermediate
Miosis
Cystatins
Dental Implants
Complement C4a
Complement Membrane Attack Complex
Factor VIIa
Factor IXa
Factor Xa
Integrins
Receptors, Cytoadhesin
Receptors, Leukocyte-Adhesion
Fusion Proteins, bcr-abl
Zalcitabine
Didanosine
Protozoan Vaccines
DNA, Protozoan
Urinary Retention
Immunodominant Epitopes
Blood Loss, Surgical
Pleural Effusion, Malignant
Bronchoconstrictor Agents
Spinal Fractures
Oligohydramnios
Epidermolysis Bullosa Acquisita
Ichthyosiform Erythroderma, Congenital
Spinal Dysraphism
Digestive System Fistula
Respiratory Tract Fistula
Tumor Suppressor Protein p53
Free Radical Scavengers
Lymphocyte Function-Associated Antigen-1
Torsades de Pointes
Granulocyte-Macrophage Colony-Stimulating Factor
Granulocyte Colony-Stimulating Factor
Lentivirus Infections
Receptors, Colony-Stimulating Factor
Receptors, Interleukin-3
Receptor, Macrophage Colony-Stimulating Factor
Carboplatin
Receptors, N-Methyl-D-Aspartate
Receptors, Lymphocyte Homing
N-Methylaspartate
Cytokines
Interleukin-8
Methacholine Chloride
Transforming Growth Factor beta
Cyclins
Macrophage-Activating Factors
Fibroblast Growth Factor 1
Benzoquinones
Amyloid beta-Peptides
Endothelins
Lewis X Antigen
Milk Hypersensitivity
Proto-Oncogene Proteins c-myc
Aspartic Acid Endopeptidases
Technetium Tc 99m Pentetate
Iloprost
Dizocilpine Maleate
Hematopoietic Cell Growth Factors
Alveolar Bone Loss
Proto-Oncogene Proteins c-abl
Guanfacine
Extracellular Matrix Proteins
NF-kappa B
RNA, Antisense
DNA, Antisense
Oligonucleotides, Antisense
Tooth Loss
Lymphoma, B-Cell
Lymphoma, T-Cell
Lymphoma, Large B-Cell, Diffuse
Lymphoma, T-Cell, Cutaneous
Prosthesis-Related Infections
Lysosomal Storage Diseases
Fungemia
Bacteremia
Ovarian Hyperstimulation Syndrome
Motor Neuron Disease
Helicobacter Infections
Head Injuries, Closed
Peripheral Vascular Diseases
Ankle Injuries
Foot Ulcer
Bronchial Hyperreactivity
Central Nervous System Neoplasms
Kinesin
Purpura, Thrombocytopenic, Idiopathic
Tacrolimus
Amyloid beta-Protein Precursor
Organoselenium Compounds
Nizatidine
Drugs, Generic
Cyclosporine
Agrochemicals
Hidradenitis
Crack Cocaine
Vaginosis, Bacterial
Anticarcinogenic Agents
Terfenadine
Misoprostol
RNA-Binding Proteins
Needlestick Injuries
Thyroid Nodule
Neoplasms, Second Primary
Ion Pumps
Apolipoprotein A-I
Apolipoprotein A-II
Critical Illness
Diabetes, Gestational
Bupropion
Primary Ovarian Insufficiency
Lithium Carbonate
Fluvoxamine
Gabexate
Mitomycin
Polydioxanone
Glycosyltransferases
Yin Deficiency
Mupirocin
Arachidonic Acid
Empyema, Pleural
Orbital Pseudotumor
Leuprolide
Antiphospholipid Syndrome
Hepatitis E
Interleukin-10
Immunoglobulins, Intravenous
Death, Sudden, Cardiac
Embolism and Thrombosis
Leishmaniasis, Cutaneous
Malaria, Falciparum
Malaria, Cerebral
Malaria, Vivax
CD8 Antigens
Muromonab-CD3
Cyclooxygenase Inhibitors
Ureaplasma Infections
Neisseriaceae Infections
Pasteurellaceae Infections
tau Proteins
Microsporidiosis
Diabetic Ketoacidosis
Endometrial Neoplasms
Polycystic Kidney, Autosomal Dominant
Carotid Stenosis
Interferon-alpha
Interferon-beta
Neurofilament Proteins
Gram-Negative Bacterial Infections
Gram-Positive Bacterial Infections
Levonorgestrel
AIDS Vaccines
Joint Deformities, Acquired
Arthritis, Reactive
Meningitis, Cryptococcal
Meningitis, Bacterial
Meningitis, Fungal
Tooth Demineralization
Protein Tyrosine Phosphatases
Epilepsy, Complex Partial
Pravastatin
Chalazion
beta-Thalassemia
AIDS-Related Opportunistic Infections
Liver Failure
Porphyrias, Hepatic
Prion Diseases
Akathisia, Drug-Induced
Liver Failure, Acute
Low Back Pain
Glycation End Products, Advanced
Desogestrel
Nonoxynol
Antibodies, Antiphospholipid
Tachycardia, Ventricular
Adenophorea Infections
Enoplida Infections
Secernentea Infections
Ascaridida Infections
Skin Diseases, Bacterial
Skin Diseases, Viral
Myocardial Ischemia
Spirurida Infections
Strongylida Infections
Gastric Outlet Obstruction
Hepatocyte Growth Factor
Mitochondrial Encephalomyopathies
Paclitaxel
Mitochondrial Myopathies
Complement Factor H
Caliciviridae Infections
CD3 Complex
Neurofibromatoses
Acitretin
Technetium Tc 99m Sestamibi
Ramipril
Medroxyprogesterone Acetate
Siderophores
Craniomandibular Disorders
Goserelin
Nafarelin
Selenocysteine
Tick-Borne Diseases
Polymyositis
Clarithromycin
Doxazosin
Protein S
Ondansetron
Bisoprolol
Pipecuronium
Ca(2+) Mg(2+)-ATPase
Etodolac
Amlodipine
Toremifene
Photosensitizing Agents
HIV Protease Inhibitors
Hepatitis B Vaccines
Fosinopril
Triptorelin Pamoate
Cetirizine
Teicoplanin
Loratadine
Cladribine
Protein-Serine-Threonine Kinases
HELLP Syndrome
Viral Nonstructural Proteins
Collagenases
Serotonin Receptor Agonists
Serotonin Uptake Inhibitors
Cyproterone Acetate
Paroxetine
Hypertrophy, Left Ventricular
Hypertrophy, Right Ventricular
Reactive Oxygen Species
Thiobarbituric Acid Reactive Substances
Plasminogen Activator Inhibitor 1
Sufentanil
Ribonucleoproteins, Small Nuclear
Ribonucleoprotein, U2 Small Nuclear
Potassium, Dietary
Prostate-Specific Antigen
Skin and Connective Tissue Diseases
Bisphenol A-Glycidyl Methacrylate
Cicatrix, Hypertrophic
Histamine Agonists
Skin Diseases, Eczematous
Skin Diseases, Papulosquamous
Skin Diseases, Vascular
Receptors, Dopamine D2
Receptors, Opioid, mu
Receptors, IgG
Receptors, Amino Acid
Receptors, Atrial Natriuretic Factor
Receptors, Opioid, delta
Receptors, Endothelin
Receptors, Fibroblast Growth Factor
Receptors, Glutamate
Receptors, Interferon
Receptors, Interleukin-1
Receptors, Opioid, kappa
Receptors, Nerve Growth Factor
Receptors, Platelet-Derived Growth Factor
Receptors, Somatostatin
Receptors, Thromboxane
Receptors, Vasopressin
1-Deoxynojirimycin
Acneiform Eruptions
Leukocyte Common Antigens
Proton Pumps
Hyperpigmentation
Hypopigmentation
Hidradenitis Suppurativa
H(+)-K(+)-Exchanging ATPase
Lichenoid Eruptions
Mucinoses
Aneurysm, False
Aneurysm, Ruptured
Aortic Aneurysm, Abdominal
Aortic Aneurysm, Thoracic
Phosphorus Compounds
Carbon Compounds, Inorganic
Technetium Compounds
Lung Diseases, Interstitial
Radiation Pneumonitis
Sarcoidosis, Pulmonary
Daptomycin
Cutaneous Fistula
Hyperandrogenism
Neuroectodermal Tumors
Oxygen Compounds
Chlorine Compounds
Aluminum Compounds
Chromium Compounds
Barium Compounds
Calcium Compounds
Fluorine Compounds
Iodine Compounds
Magnesium Compounds
Magnesium Silicates
Silicates
Organosilicon Compounds
Silicon Compounds
Deuterium Oxide
Sodium Compounds
Platinum Compounds
Nitrogen Compounds
Sodium Chloride, Dietary
Hypophosphatemia
Lichen Planus, Oral
Potassium Compounds
Hypereosinophilic Syndrome
Sodium Bicarbonate
Soft Tissue Injuries
Pelvic Pain
Lignans
Lisinopril
Community-Acquired Infections
Diabetic Foot
Alkanesulfonic Acids
Arylsulfonic Acids
Fractures, Malunited
Bone Malalignment
Nadroparin
Acid Anhydride Hydrolases
Ulnar Nerve Compression Syndromes
Amyloid Neuropathies
Vaccines, Combined
Malaria Vaccines
Granuloma, Pyogenic
Bone Cysts, Aneurysmal
Machado-Joseph Disease
Granisetron
Nedocromil
Isothiocyanates
Limb Deformities, Congenital
Exfoliation Syndrome
Antiporters
Sodium-Hydrogen Exchangers
Nitric Acid
Isocyanates
alpha-Linolenic Acid
Azithromycin
Itraconazole
gamma-Linolenic Acid
Zinc Compounds
Phosphorus Acids
Receptors, Growth Factor
Receptors, Neurotransmitter
Receptors, Biogenic Amine
Receptors, Catecholamine
Enoxaparin
Dalteparin
Leukotriene C4
Leukotriene D4
Leukotriene E4
Receptors, Peptide
Chalcogens
Receptors, Neuropeptide
Receptors, Calcitonin Gene-Related Peptide
Receptors, Pituitary Hormone-Regulating Hormone
Receptors, Corticotropin-Releasing Hormone
Lithium Compounds
Receptors, Pancreatic Hormone
Receptors, Glucagon
Rho(D) Immune Globulin
Silver Compounds
Antibodies, Bispecific
Selenium Compounds
Sodium Selenite
Receptors, Tachykinin
Receptors, Neurokinin-1
Receptors, Neurokinin-3
Receptors, Corticotropin
Receptors, Oxytocin
Receptors, Purinergic P1
Receptors, Purinergic P2
Receptors, Eicosanoid
Tympanic Membrane Perforation
Haemophilus Vaccines
Vaccines, Conjugate
DNA, Complementary
Receptors, Prostaglandin E
Receptors, GABA
Tuberculosis, Multidrug-Resistant
Receptors, AMPA
Receptors, Kainic Acid
Gelatinases
Receptors, Metabotropic Glutamate
Receptors, Histamine H3
CD28 Antigens
Receptors, Lipoprotein
Chloride Channels
Stavudine
Finasteride
Receptors, Cytokine
Receptors, Interleukin
Receptors, Tumor Necrosis Factor
Receptors, Transforming Growth Factor beta
Glucose Intolerance
Endolymphatic Hydrops
Receptors, Cytoplasmic and Nuclear
Receptors, Mineralocorticoid
Receptors, Calcitriol
Receptors, Retinoic Acid
Sumatriptan
Flavivirus Infections
Flaviviridae Infections
Receptors, Thrombin
Thrombomodulin
Paramyxoviridae Infections
Morbillivirus Infections
Pneumovirus Infections
Lymphatic Vessel Tumors
Lymphangioleiomyomatosis
Neoplasms, Complex and Mixed
Carcinoma, Adenosquamous
Hepatoblastoma
Neoplasms, Connective and Soft Tissue
Neoplasms, Adipose Tissue
Angiomyolipoma
Neoplasms, Bone Tissue
Neoplasms, Fibrous Tissue
Leiomyomatosis
Neuroectodermal Tumors, Primitive, Peripheral
Neuroectodermal Tumors, Primitive
Acrospiroma
Adenomatous Polyps
Adenocarcinoma, Follicular
Adrenocortical Carcinoma
Carcinoma, Endometrioid
Carcinoma, Ductal, Breast
Carcinoma, Lobular
Carcinoma, Medullary
Carcinoma, Neuroendocrine
Cholangiocarcinoma
Cystadenocarcinoma, Serous
Carcinoma, Large Cell
Carcinoma, Small Cell
Cervical Intraepithelial Neoplasia
Neoplasms, Adnexal and Skin Appendage
Neoplasms, Basal Cell
Neoplasms, Cystic, Mucinous, and Serous
Neoplasms, Ductal, Lobular, and Medullary
Neoplasms, Mesothelial
Neoplasms, Neuroepithelial
Esthesioneuroblastoma, Olfactory
Neoplasms, Squamous Cell
Nerve Sheath Neoplasms
Angiofibroma
Nevi and Melanomas
Hutchinson's Melanotic Freckle
Receptors, Adrenergic, alpha-1
Receptors, Adrenergic, alpha-2
Receptors, Adrenergic, beta-1
Receptors, Adrenergic, beta-2
Hepadnaviridae Infections
Coronavirus Infections
Rhabdoviridae Infections
Alphavirus Infections
Respiratory Syncytial Virus Infections
Neuroendocrine Tumors
Neoplasm, Residual
Peripheral Nervous System Agents
Cardiovascular Abnormalities
Neurotransmitter Agents
Codon, Terminator
Codon, Nonsense
CA-125 Antigen
Mucin-1
Homeodomain Proteins
Foot Injuries
Pneumonia, Bacterial
Cholesteatoma, Middle Ear
ATP Binding Cassette Transporter, Sub-Family B
Lymphoma, B-Cell, Marginal Zone
Disease Progression
Placenta, Retained
Persistent Vegetative State
Lichen Sclerosus et Atrophicus
Soft Tissue Infections
Positive-Pressure Respiration, Intrinsic
Ventricular Dysfunction, Left
Space Motion Sickness
Serotonin Agents
Dopamine Agonists
Dopamine Antagonists
Histamine Agents
Hyperoxia
Ventricular Dysfunction, Right
Antirheumatic Agents
Parasitemia
ATP-Binding Cassette Transporters
Breast Neoplasms, Male
Gastroparesis
Vitreoretinopathy, Proliferative
ras Proteins
Hypoplastic Left Heart Syndrome
Stomatognathic System Abnormalities
Adrenergic Agents
Interleukin-12
Adrenergic Antagonists
Cholinergic Agents
Cholinergic Agonists
Cholinergic Antagonists
Anesthetics, General
GABA Agents
Excitatory Amino Acid Agents
Anesthetics, Inhalation
Anesthetics, Intravenous
Antidepressive Agents, Second-Generation
Sensory System Agents
Excitatory Amino Acid Agonists
Excitatory Amino Acid Antagonists
Antimanic Agents
Neuroprotective Agents
Nootropic Agents
Glutamic Acid
Mononegavirales Infections
Filoviridae Infections
Analgesics, Non-Narcotic
Receptor, ErbB-2
Nicotinic Agonists
Anti-Dyskinesia Agents
Muscarinic Antagonists
Systemic Inflammatory Response Syndrome
Ventricular Dysfunction
GABA Agonists
GABA Modulators
Adrenergic Uptake Inhibitors
Multiple Endocrine Neoplasia Type 1
Dopamine Uptake Inhibitors
Arthralgia
Multiple Chemical Sensitivity
Tension-Type Headache
Abdominal Abscess
Bone Substitutes
Encephalitis, Viral
Interleukin-13
Immunoconjugates
Cell Cycle Proteins
Anemia, Iron-Deficiency
Intercellular Adhesion Molecule-1
Sepsis
N-Methyl-3,4-methylenedioxyamphetamine
Fenoldopam
Dipeptidyl Peptidase 4
Immunoglobulins, Thyroid-Stimulating
Adhesins, Bacterial
Molecular Chaperones
Chaperonins
Chaperonin 60
Inflammation Mediators
Cyclin-Dependent Kinases
CD11 Antigens
Excitatory Amino Acids
Opioid Peptides
Cystitis, Interstitial
Environmental Illness
Ventricular Premature Complexes
Atrial Premature Complexes
Reverse Transcriptase Inhibitors
Peroxisomal Disorders
Antineoplastic Agents, Alkylating
Muscle Weakness
Chemokines
Anti-Allergic Agents
Anti-Asthmatic Agents
Antineoplastic Agents, Hormonal
Chemokine CCL2
Hepatitis C Antibodies
Antigens, CD19
Macrolides
Anthracyclines
Monocyte Chemoattractant Proteins
Chemokine CCL5
Lipopolysaccharide Receptors
Antigens, CD20
Antigens, CD34
CD36 Antigens
CD5 Antigens
Hepatitis Antigens
Risperidone
Insulin-Like Growth Factor Binding Proteins
Insulin-Like Growth Factor Binding Protein 1
Insulin-Like Growth Factor Binding Protein 2
Insulin-Like Growth Factor Binding Protein 3
Micronutrients
Myositis, Inclusion Body
Williams Syndrome
Epitopes, T-Lymphocyte
Myelin-Associated Glycoprotein
Myosin Heavy Chains
Nitric Oxide Synthase
CD56 Antigen
Cystic Fibrosis Transmembrane Conductance Regulator
Neural Cell Adhesion Molecules
P-Selectin
Proto-Oncogene Proteins c-kit
Vascular Cell Adhesion Molecule-1
CD40 Antigens
Receptors, Vitronectin
Platelet Glycoprotein GPIb-IX Complex
Platelet Glycoprotein GPIIb-IIIa Complex
E-Selectin
Vascular Neoplasms
Bone Marrow Neoplasms
Depression, Postpartum
Facies
Smith-Lemli-Opitz Syndrome
Bridged Bicyclo Compounds, Heterocyclic
Selectins
Postoperative Hemorrhage
Burkholderia Infections
Antibodies, Blocking
Respiratory System Agents
Hemorrhagic Fever, Ebola
Nonheme Iron Proteins
Hydroxymethylglutaryl-CoA Reductase Inhibitors
Anesthetics, Combined
Appetite Stimulants
Organ Preservation Solutions
Iron Metabolism Disorders
Iron Overload
GTP-Binding Proteins
GTP-Binding Protein alpha Subunits, Gi-Go
beta Carotene
Brain-Derived Neurotrophic Factor
Troponin I
Gingival Overgrowth
Metals, Heavy
Oral Ulcer
HIV Wasting Syndrome
Proto-Oncogene Proteins c-bcl-2
NADPH Oxidases
Saquinavir
Lamivudine
Iron, Dietary
Hemagglutinin Glycoproteins, Influenza Virus
Antibodies, Antineutrophil Cytoplasmic
Fructosamine
Hypoxanthine
Botulinum Toxins, Type A
Radiopharmaceuticals
Matrix Metalloproteinase 3
Resin Cements
Wasting Syndrome
Pancreatitis, Acute Necrotizing
Zinc Sulfate
Skull Base Neoplasms
Oleic Acid
HIV Envelope Protein gp160
Palmitic Acid
Staurosporine
BRCA1 Protein
Dehydroepiandrosterone Sulfate
Embolism, Paradoxical
omega-N-Methyl